
[1m═══════════════════════════════════════════[0m
[1m  投资纪律指标检查 · 2026-06-24[0m
[1m═══════════════════════════════════════════[0m

[1m【一、管住手】[0m
  原则：不在情绪高潮点开仓，不在高波动期追涨

  成交额情绪:    [92m1.10 🟢[0m  (阈值 < 1.3 / > 1.5 红灯)
                今日= 32,843亿  近14日均= 29,775亿
  三日振幅(天山铝业): [93m9.3% 🟡 谨慎[0m  (阈值 < 8% / > 15% 红灯)
  三日振幅(紫金矿业): [93m10.1% 🟡 谨慎[0m  (阈值 < 8% / > 15% 红灯)
  三日振幅(有色ETF): [93m8.8% 🟡 谨慎[0m  (阈值 < 8% / > 15% 红灯)
  追涨惩罚率:    [93m— (需涨停股列表)[0m
  数据源:        新浪(成交额) + 腾讯(价格)

[1m【二、控仓位】[0m
  原则：单品种 ≤ 10%，同板块 ≤ 20%，现金 ≥ 50%

  单品种(科大讯飞): [92m6.0% 🟢[0m
  单品种(天山铝业): [92m2.9% 🟢[0m
  单品种(紫金矿业): [92m2.0% 🟢[0m
  单品种(黄金ETF): [92m5.4% 🟢[0m
  单品种(有色ETF): [92m0.3% 🟢[0m
  单品种(中证500ETF): [92m0.3% 🟢[0m
  单品种(卫星ETF): [92m4.7% 🟢[0m

  板块合计(AI科技): [92m6.0% 🟢[0m
  板块合计(有色金属): [92m5.2% 🟢[0m
  板块合计(贵金属): [92m5.4% 🟢[0m
  板块合计(宽基): [92m0.3% 🟢[0m
  板块合计(主题ETF): [92m4.7% 🟢[0m

  现金水位:      [93m84.8% 🟡 偏保守[0m  (阈值 ≥ 50% / < 40% 红灯)

  高风险品种（近20日波动率 > 3%）:
    [91m科大讯飞: 6.9% → 仓位减半[0m
    [91m天山铝业: 8.8% → 仓位减半[0m
    [91m紫金矿业: 4.7% → 仓位减半[0m
    [91m黄金ETF: 3.3% → 仓位减半[0m
    [91m有色ETF: 4.0% → 仓位减半[0m
    [91m中证500ETF: 3.1% → 仓位减半[0m

[1m【三、别加杠杆】[0m
  原则：普通投资者杠杆倍数为 0

  个人杠杆:      [92m0 🟢[0m

  极端压力测试（再跌 20%）：
    科大讯飞: [92m-1.2%[0m 对总资产影响
    天山铝业: [92m-0.6%[0m 对总资产影响
    紫金矿业: [92m-0.4%[0m 对总资产影响
    黄金ETF: [92m-1.1%[0m 对总资产影响
    有色ETF: [92m-0.1%[0m 对总资产影响
    中证500ETF: [92m-0.1%[0m 对总资产影响
    卫星ETF: [92m-0.9%[0m 对总资产影响

[1m【四、黄金 = 配置非投机】[0m
  原则：5-10% 资产占比，季度再平衡

  黄金ETF:       ¥8.93  占比 [92m5.4% 🟢[0m  (目标 7.0%)
  偏离目标:      -1.6%  [92m未触发再平衡[0m

  投机检测:      盯盘=每日 → [93m投机模式风险[0m  建议改为季度检查

[1m═══════════════════════════════════════════[0m
[1m  检查完成 · [92m全部绿灯 ✅[0m[0m
[1m═══════════════════════════════════════════[0m


[1m═══════════════════════════════════════════[0m
[1m  投资纪律指标检查 · 2026-06-25[0m
[1m═══════════════════════════════════════════[0m

[1m【一、管住手】[0m
  原则：不在情绪高潮点开仓，不在高波动期追涨

  成交额情绪:    [92m1.19 🟢[0m  (阈值 < 1.3 / > 1.5 红灯)
                今日= 35,943亿  近15日均= 30,186亿
  三日振幅(天山铝业): [92m2.3% 🟢[0m  (阈值 < 8% / > 15% 红灯)
  三日振幅(紫金矿业): [92m7.1% 🟢[0m  (阈值 < 8% / > 15% 红灯)
  三日振幅(有色ETF): [92m3.1% 🟢[0m  (阈值 < 8% / > 15% 红灯)
  追涨惩罚率:    [93m— (需涨停股列表)[0m
  数据源:        新浪(成交额) + 腾讯(价格)

[1m【二、控仓位】[0m
  原则：单品种 ≤ 10%，同板块 ≤ 20%，现金 ≥ 50%

  单品种(科大讯飞): [92m5.9% 🟢[0m
  单品种(天山铝业): [92m2.9% 🟢[0m
  单品种(紫金矿业): [92m1.8% 🟢[0m
  单品种(黄金ETF): [92m5.2% 🟢[0m
  单品种(有色ETF): [92m0.3% 🟢[0m
  单品种(中证500ETF): [92m0.3% 🟢[0m
  单品种(卫星ETF): [92m4.7% 🟢[0m

  板块合计(AI科技): [92m5.9% 🟢[0m
  板块合计(有色金属): [92m5.0% 🟢[0m
  板块合计(贵金属): [92m5.2% 🟢[0m
  板块合计(宽基): [92m0.3% 🟢[0m
  板块合计(主题ETF): [92m4.7% 🟢[0m

  现金水位:      [93m84.8% 🟡 偏保守[0m  (阈值 ≥ 50% / < 40% 红灯)

  高风险品种（近20日波动率 > 3%）:
    [91m科大讯飞: 6.5% → 仓位减半[0m
    [91m天山铝业: 8.9% → 仓位减半[0m
    [91m紫金矿业: 5.2% → 仓位减半[0m
    [91m黄金ETF: 3.6% → 仓位减半[0m
    [91m有色ETF: 4.1% → 仓位减半[0m
    [91m中证500ETF: 3.5% → 仓位减半[0m

[1m【三、别加杠杆】[0m
  原则：普通投资者杠杆倍数为 0

  个人杠杆:      [92m0 🟢[0m

  极端压力测试（再跌 20%）：
    科大讯飞: [92m-1.2%[0m 对总资产影响
    天山铝业: [92m-0.6%[0m 对总资产影响
    紫金矿业: [92m-0.4%[0m 对总资产影响
    黄金ETF: [92m-1.0%[0m 对总资产影响
    有色ETF: [92m-0.1%[0m 对总资产影响
    中证500ETF: [92m-0.1%[0m 对总资产影响
    卫星ETF: [92m-0.9%[0m 对总资产影响

[1m【四、黄金 = 配置非投机】[0m
  原则：5-10% 资产占比，季度再平衡

  黄金ETF:       ¥8.69  占比 [92m5.2% 🟢[0m  (目标 7.0%)
  偏离目标:      -1.8%  [92m未触发再平衡[0m

  投机检测:      盯盘=每日 → [93m投机模式风险[0m  建议改为季度检查

[1m═══════════════════════════════════════════[0m
[1m  检查完成 · [92m全部绿灯 ✅[0m[0m
[1m═══════════════════════════════════════════[0m


[1m═══════════════════════════════════════════[0m
[1m  投资纪律指标检查 · 2026-06-26[0m
[1m═══════════════════════════════════════════[0m

[1m【一、管住手】[0m
  原则：不在情绪高潮点开仓，不在高波动期追涨

  成交额情绪:    [92m1.16 🟢[0m  (阈值 < 1.3 / > 1.5 红灯)
                今日= 35,524亿  近16日均= 30,520亿
  三日振幅(天山铝业): [92m7.3% 🟢[0m  (阈值 < 8% / > 15% 红灯)
  三日振幅(紫金矿业): [93m10.2% 🟡 谨慎[0m  (阈值 < 8% / > 15% 红灯)
  三日振幅(有色ETF): [92m7.6% 🟢[0m  (阈值 < 8% / > 15% 红灯)
  追涨惩罚率:    [93m— (需涨停股列表)[0m
  数据源:        新浪(成交额) + 腾讯(价格)

[1m【二、控仓位】[0m
  原则：单品种 ≤ 10%，同板块 ≤ 20%，现金 ≥ 50%

  单品种(科大讯飞): [92m5.5% 🟢[0m
  单品种(天山铝业): [92m2.7% 🟢[0m
  单品种(紫金矿业): [92m1.8% 🟢[0m
  单品种(黄金ETF): [92m5.3% 🟢[0m
  单品种(有色ETF): [92m0.3% 🟢[0m
  单品种(中证500ETF): [92m0.3% 🟢[0m
  单品种(卫星ETF): [92m4.8% 🟢[0m

  板块合计(AI科技): [92m5.5% 🟢[0m
  板块合计(有色金属): [92m4.8% 🟢[0m
  板块合计(贵金属): [92m5.3% 🟢[0m
  板块合计(宽基): [92m0.3% 🟢[0m
  板块合计(主题ETF): [92m4.8% 🟢[0m

  现金水位:      [93m84.8% 🟡 偏保守[0m  (阈值 ≥ 50% / < 40% 红灯)

  高风险品种（近20日波动率 > 3%）:
    [91m科大讯飞: 6.5% → 仓位减半[0m
    [91m天山铝业: 9.4% → 仓位减半[0m
    [91m紫金矿业: 6.1% → 仓位减半[0m
    [91m黄金ETF: 3.8% → 仓位减半[0m
    [91m有色ETF: 4.3% → 仓位减半[0m
    [91m中证500ETF: 3.5% → 仓位减半[0m

[1m【三、别加杠杆】[0m
  原则：普通投资者杠杆倍数为 0

  个人杠杆:      [92m0 🟢[0m

  极端压力测试（再跌 20%）：
    科大讯飞: [92m-1.1%[0m 对总资产影响
    天山铝业: [92m-0.5%[0m 对总资产影响
    紫金矿业: [92m-0.4%[0m 对总资产影响
    黄金ETF: [92m-1.1%[0m 对总资产影响
    有色ETF: [92m-0.1%[0m 对总资产影响
    中证500ETF: [92m-0.1%[0m 对总资产影响
    卫星ETF: [92m-1.0%[0m 对总资产影响

[1m【四、黄金 = 配置非投机】[0m
  原则：5-10% 资产占比，季度再平衡

  黄金ETF:       ¥8.79  占比 [92m5.3% 🟢[0m  (目标 7.0%)
  偏离目标:      -1.7%  [92m未触发再平衡[0m

  投机检测:      盯盘=每日 → [93m投机模式风险[0m  建议改为季度检查

[1m═══════════════════════════════════════════[0m
[1m  检查完成 · [92m全部绿灯 ✅[0m[0m
[1m═══════════════════════════════════════════[0m


[1m═══════════════════════════════════════════[0m
[1m  投资纪律指标检查 · 2026-06-29[0m
[1m═══════════════════════════════════════════[0m

[1m【一、管住手】[0m
  原则：不在情绪高潮点开仓，不在高波动期追涨

  成交额情绪:    [92m1.14 🟢[0m  (阈值 < 1.3 / > 1.5 红灯)
                今日= 35,177亿  近17日均= 30,794亿
  三日振幅(天山铝业): [92m4.9% 🟢[0m  (阈值 < 8% / > 15% 红灯)
  三日振幅(紫金矿业): [92m3.3% 🟢[0m  (阈值 < 8% / > 15% 红灯)
  三日振幅(有色ETF): [92m4.3% 🟢[0m  (阈值 < 8% / > 15% 红灯)
  追涨惩罚率:    [93m— (需涨停股列表)[0m
  数据源:        新浪(成交额) + 腾讯(价格)

[1m【二、控仓位】[0m
  原则：单品种 ≤ 10%，同板块 ≤ 20%，现金 ≥ 50%

  单品种(科大讯飞): [92m5.6% 🟢[0m
  单品种(天山铝业): [92m2.8% 🟢[0m
  单品种(紫金矿业): [92m1.8% 🟢[0m
  单品种(黄金ETF): [92m5.3% 🟢[0m
  单品种(有色ETF): [92m0.3% 🟢[0m
  单品种(中证500ETF): [92m0.3% 🟢[0m
  单品种(卫星ETF): [92m4.7% 🟢[0m

  板块合计(AI科技): [92m5.6% 🟢[0m
  板块合计(有色金属): [92m4.9% 🟢[0m
  板块合计(贵金属): [92m5.3% 🟢[0m
  板块合计(宽基): [92m0.3% 🟢[0m
  板块合计(主题ETF): [92m4.7% 🟢[0m

  现金水位:      [93m84.8% 🟡 偏保守[0m  (阈值 ≥ 50% / < 40% 红灯)

  高风险品种（近20日波动率 > 3%）:
    [91m科大讯飞: 6.5% → 仓位减半[0m
    [91m天山铝业: 9.7% → 仓位减半[0m
    [91m紫金矿业: 6.5% → 仓位减半[0m
    [91m黄金ETF: 3.8% → 仓位减半[0m
    [91m有色ETF: 4.5% → 仓位减半[0m
    [91m中证500ETF: 3.7% → 仓位减半[0m

[1m【三、别加杠杆】[0m
  原则：普通投资者杠杆倍数为 0

  个人杠杆:      [92m0 🟢[0m

  极端压力测试（再跌 20%）：
    科大讯飞: [92m-1.1%[0m 对总资产影响
    天山铝业: [92m-0.6%[0m 对总资产影响
    紫金矿业: [92m-0.4%[0m 对总资产影响
    黄金ETF: [92m-1.1%[0m 对总资产影响
    有色ETF: [92m-0.1%[0m 对总资产影响
    中证500ETF: [92m-0.1%[0m 对总资产影响
    卫星ETF: [92m-0.9%[0m 对总资产影响

[1m【四、黄金 = 配置非投机】[0m
  原则：5-10% 资产占比，季度再平衡

  黄金ETF:       ¥8.86  占比 [92m5.3% 🟢[0m  (目标 7.0%)
  偏离目标:      -1.7%  [92m未触发再平衡[0m

  投机检测:      盯盘=每日 → [93m投机模式风险[0m  建议改为季度检查

[1m═══════════════════════════════════════════[0m
[1m  检查完成 · [92m全部绿灯 ✅[0m[0m
[1m═══════════════════════════════════════════[0m


[1m═══════════════════════════════════════════[0m
[1m  投资纪律指标检查 · 2026-06-30[0m
[1m═══════════════════════════════════════════[0m

[1m【一、管住手】[0m
  原则：不在情绪高潮点开仓，不在高波动期追涨

  成交额情绪:    [92m1.06 🟢[0m  (阈值 < 1.3 / > 1.5 红灯)
                今日= 32,737亿  近18日均= 30,902亿
  三日振幅(天山铝业): [92m4.0% 🟢[0m  (阈值 < 8% / > 15% 红灯)
  三日振幅(紫金矿业): [92m2.7% 🟢[0m  (阈值 < 8% / > 15% 红灯)
  三日振幅(有色ETF): [92m1.1% 🟢[0m  (阈值 < 8% / > 15% 红灯)
  追涨惩罚率:    [93m— (需涨停股列表)[0m
  数据源:        新浪(成交额) + 腾讯(价格)

[1m【二、控仓位】[0m
  原则：单品种 ≤ 10%，同板块 ≤ 20%，现金 ≥ 50%

  单品种(科大讯飞): [92m5.8% 🟢[0m
  单品种(天山铝业): [92m2.7% 🟢[0m
  单品种(紫金矿业): [92m1.8% 🟢[0m
  单品种(黄金ETF): [92m5.3% 🟢[0m
  单品种(有色ETF): [92m0.3% 🟢[0m
  单品种(中证500ETF): [92m0.3% 🟢[0m
  单品种(卫星ETF): [92m4.9% 🟢[0m

  板块合计(AI科技): [92m5.8% 🟢[0m
  板块合计(有色金属): [92m4.8% 🟢[0m
  板块合计(贵金属): [92m5.3% 🟢[0m
  板块合计(宽基): [92m0.3% 🟢[0m
  板块合计(主题ETF): [92m4.9% 🟢[0m

  现金水位:      [93m84.8% 🟡 偏保守[0m  (阈值 ≥ 50% / < 40% 红灯)

  高风险品种（近20日波动率 > 3%）:
    [91m科大讯飞: 5.8% → 仓位减半[0m
    [91m天山铝业: 10.1% → 仓位减半[0m
    [91m紫金矿业: 7.1% → 仓位减半[0m
    [91m黄金ETF: 3.8% → 仓位减半[0m
    [91m有色ETF: 4.7% → 仓位减半[0m
    [91m中证500ETF: 3.9% → 仓位减半[0m

[1m【三、别加杠杆】[0m
  原则：普通投资者杠杆倍数为 0

  个人杠杆:      [92m0 🟢[0m

  极端压力测试（再跌 20%）：
    科大讯飞: [92m-1.2%[0m 对总资产影响
    天山铝业: [92m-0.5%[0m 对总资产影响
    紫金矿业: [92m-0.4%[0m 对总资产影响
    黄金ETF: [92m-1.1%[0m 对总资产影响
    有色ETF: [92m-0.1%[0m 对总资产影响
    中证500ETF: [92m-0.1%[0m 对总资产影响
    卫星ETF: [92m-1.0%[0m 对总资产影响

[1m【四、黄金 = 配置非投机】[0m
  原则：5-10% 资产占比，季度再平衡

  黄金ETF:       ¥8.78  占比 [92m5.3% 🟢[0m  (目标 7.0%)
  偏离目标:      -1.7%  [92m未触发再平衡[0m

  投机检测:      盯盘=每日 → [93m投机模式风险[0m  建议改为季度检查

[1m═══════════════════════════════════════════[0m
[1m  检查完成 · [92m全部绿灯 ✅[0m[0m
[1m═══════════════════════════════════════════[0m


[1m═══════════════════════════════════════════[0m
[1m  投资纪律指标检查 · 2026-07-01[0m
[1m═══════════════════════════════════════════[0m

[1m【一、管住手】[0m
  原则：不在情绪高潮点开仓，不在高波动期追涨

  成交额情绪:    [92m1.17 🟢[0m  (阈值 < 1.3 / > 1.5 红灯)
                今日= 36,600亿  近19日均= 31,202亿
  三日振幅(天山铝业): [92m4.0% 🟢[0m  (阈值 < 8% / > 15% 红灯)
  三日振幅(紫金矿业): [92m2.7% 🟢[0m  (阈值 < 8% / > 15% 红灯)
  三日振幅(有色ETF): [92m0.5% 🟢[0m  (阈值 < 8% / > 15% 红灯)
  追涨惩罚率:    [93m— (需涨停股列表)[0m
  数据源:        新浪(成交额) + 腾讯(价格)

[1m【二、控仓位】[0m
  原则：单品种 ≤ 10%，同板块 ≤ 20%，现金 ≥ 50%

  单品种(科大讯飞): [92m5.8% 🟢[0m
  单品种(天山铝业): [92m2.7% 🟢[0m
  单品种(紫金矿业): [92m1.8% 🟢[0m
  单品种(黄金ETF): [92m5.2% 🟢[0m
  单品种(有色ETF): [92m0.3% 🟢[0m
  单品种(中证500ETF): [92m0.3% 🟢[0m
  单品种(卫星ETF): [92m4.9% 🟢[0m

  板块合计(AI科技): [92m5.8% 🟢[0m
  板块合计(有色金属): [92m4.8% 🟢[0m
  板块合计(贵金属): [92m5.2% 🟢[0m
  板块合计(宽基): [92m0.3% 🟢[0m
  板块合计(主题ETF): [92m4.9% 🟢[0m

  现金水位:      [93m84.8% 🟡 偏保守[0m  (阈值 ≥ 50% / < 40% 红灯)

  高风险品种（近20日波动率 > 3%）:
    [91m科大讯飞: 5.1% → 仓位减半[0m
    [91m天山铝业: 9.8% → 仓位减半[0m
    [91m紫金矿业: 7.2% → 仓位减半[0m
    [91m黄金ETF: 3.7% → 仓位减半[0m
    [91m有色ETF: 4.8% → 仓位减半[0m
    [91m中证500ETF: 4.1% → 仓位减半[0m

[1m【三、别加杠杆】[0m
  原则：普通投资者杠杆倍数为 0

  个人杠杆:      [92m0 🟢[0m

  极端压力测试（再跌 20%）：
    科大讯飞: [92m-1.2%[0m 对总资产影响
    天山铝业: [92m-0.5%[0m 对总资产影响
    紫金矿业: [92m-0.4%[0m 对总资产影响
    黄金ETF: [92m-1.0%[0m 对总资产影响
    有色ETF: [92m-0.1%[0m 对总资产影响
    中证500ETF: [92m-0.1%[0m 对总资产影响
    卫星ETF: [92m-1.0%[0m 对总资产影响

[1m【四、黄金 = 配置非投机】[0m
  原则：5-10% 资产占比，季度再平衡

  黄金ETF:       ¥8.67  占比 [92m5.2% 🟢[0m  (目标 7.0%)
  偏离目标:      -1.8%  [92m未触发再平衡[0m

  投机检测:      盯盘=每日 → [93m投机模式风险[0m  建议改为季度检查

[1m═══════════════════════════════════════════[0m
[1m  检查完成 · [92m全部绿灯 ✅[0m[0m
[1m═══════════════════════════════════════════[0m


[1m═══════════════════════════════════════════[0m
[1m  投资纪律指标检查 · 2026-07-02[0m
[1m═══════════════════════════════════════════[0m

[1m【一、管住手】[0m
  原则：不在情绪高潮点开仓，不在高波动期追涨

  成交额情绪:    [92m1.10 🟢[0m  (阈值 < 1.3 / > 1.5 红灯)
                今日= 34,505亿  近20日均= 31,367亿
  三日振幅(天山铝业): [92m1.9% 🟢[0m  (阈值 < 8% / > 15% 红灯)
  三日振幅(紫金矿业): [92m4.7% 🟢[0m  (阈值 < 8% / > 15% 红灯)
  三日振幅(有色ETF): [92m1.6% 🟢[0m  (阈值 < 8% / > 15% 红灯)
  追涨惩罚率:    [93m— (需涨停股列表)[0m
  数据源:        新浪(成交额) + 腾讯(价格)

[1m【二、控仓位】[0m
  原则：单品种 ≤ 10%，同板块 ≤ 20%，现金 ≥ 50%

  单品种(科大讯飞): [92m5.8% 🟢[0m
  单品种(天山铝业): [92m2.7% 🟢[0m
  单品种(紫金矿业): [92m1.9% 🟢[0m
  单品种(黄金ETF): [92m5.3% 🟢[0m
  单品种(有色ETF): [92m0.3% 🟢[0m
  单品种(中证500ETF): [92m0.3% 🟢[0m
  单品种(卫星ETF): [92m4.8% 🟢[0m

  板块合计(AI科技): [92m5.8% 🟢[0m
  板块合计(有色金属): [92m4.9% 🟢[0m
  板块合计(贵金属): [92m5.3% 🟢[0m
  板块合计(宽基): [92m0.3% 🟢[0m
  板块合计(主题ETF): [92m4.8% 🟢[0m

  现金水位:      [93m84.8% 🟡 偏保守[0m  (阈值 ≥ 50% / < 40% 红灯)

  高风险品种（近20日波动率 > 3%）:
    [91m科大讯飞: 4.4% → 仓位减半[0m
    [91m天山铝业: 8.8% → 仓位减半[0m
    [91m紫金矿业: 7.0% → 仓位减半[0m
    [91m黄金ETF: 3.5% → 仓位减半[0m
    [91m有色ETF: 4.8% → 仓位减半[0m
    [91m中证500ETF: 4.1% → 仓位减半[0m

[1m【三、别加杠杆】[0m
  原则：普通投资者杠杆倍数为 0

  个人杠杆:      [92m0 🟢[0m

  极端压力测试（再跌 20%）：
    科大讯飞: [92m-1.2%[0m 对总资产影响
    天山铝业: [92m-0.5%[0m 对总资产影响
    紫金矿业: [92m-0.4%[0m 对总资产影响
    黄金ETF: [92m-1.1%[0m 对总资产影响
    有色ETF: [92m-0.1%[0m 对总资产影响
    中证500ETF: [92m-0.1%[0m 对总资产影响
    卫星ETF: [92m-1.0%[0m 对总资产影响

[1m【四、黄金 = 配置非投机】[0m
  原则：5-10% 资产占比，季度再平衡

  黄金ETF:       ¥8.88  占比 [92m5.3% 🟢[0m  (目标 7.0%)
  偏离目标:      -1.7%  [92m未触发再平衡[0m

  投机检测:      盯盘=每日 → [93m投机模式风险[0m  建议改为季度检查

[1m═══════════════════════════════════════════[0m
[1m  检查完成 · [92m全部绿灯 ✅[0m[0m
[1m═══════════════════════════════════════════[0m


[1m═══════════════════════════════════════════[0m
[1m  投资纪律指标检查 · 2026-07-03[0m
[1m═══════════════════════════════════════════[0m

[1m【一、管住手】[0m
  原则：不在情绪高潮点开仓，不在高波动期追涨

  成交额情绪:    [92m1.02 🟢[0m  (阈值 < 1.3 / > 1.5 红灯)
                今日= 31,824亿  近20日均= 31,208亿
  三日振幅(天山铝业): [92m5.1% 🟢[0m  (阈值 < 8% / > 15% 红灯)
  三日振幅(紫金矿业): [93m10.8% 🟡 谨慎[0m  (阈值 < 8% / > 15% 红灯)
  三日振幅(有色ETF): [92m2.2% 🟢[0m  (阈值 < 8% / > 15% 红灯)
  追涨惩罚率:    [93m— (需涨停股列表)[0m
  数据源:        新浪(成交额) + 腾讯(价格)

[1m【二、控仓位】[0m
  原则：单品种 ≤ 10%，同板块 ≤ 20%，现金 ≥ 50%

  单品种(科大讯飞): [92m5.9% 🟢[0m
  单品种(天山铝业): [92m2.8% 🟢[0m
  单品种(紫金矿业): [92m2.0% 🟢[0m
  单品种(黄金ETF): [92m5.5% 🟢[0m
  单品种(有色ETF): [92m0.3% 🟢[0m
  单品种(中证500ETF): [92m0.3% 🟢[0m
  单品种(卫星ETF): [92m4.9% 🟢[0m

  板块合计(AI科技): [92m5.9% 🟢[0m
  板块合计(有色金属): [92m5.1% 🟢[0m
  板块合计(贵金属): [92m5.5% 🟢[0m
  板块合计(宽基): [92m0.3% 🟢[0m
  板块合计(主题ETF): [92m4.9% 🟢[0m

  现金水位:      [93m84.8% 🟡 偏保守[0m  (阈值 ≥ 50% / < 40% 红灯)

  高风险品种（近20日波动率 > 3%）:
    [91m科大讯飞: 3.9% → 仓位减半[0m
    [91m天山铝业: 8.3% → 仓位减半[0m
    [91m紫金矿业: 6.8% → 仓位减半[0m
    [91m黄金ETF: 3.1% → 仓位减半[0m
    [91m有色ETF: 4.8% → 仓位减半[0m
    [91m中证500ETF: 4.1% → 仓位减半[0m

[1m【三、别加杠杆】[0m
  原则：普通投资者杠杆倍数为 0

  个人杠杆:      [92m0 🟢[0m

  极端压力测试（再跌 20%）：
    科大讯飞: [92m-1.2%[0m 对总资产影响
    天山铝业: [92m-0.6%[0m 对总资产影响
    紫金矿业: [92m-0.4%[0m 对总资产影响
    黄金ETF: [92m-1.1%[0m 对总资产影响
    有色ETF: [92m-0.1%[0m 对总资产影响
    中证500ETF: [92m-0.1%[0m 对总资产影响
    卫星ETF: [92m-1.0%[0m 对总资产影响

[1m【四、黄金 = 配置非投机】[0m
  原则：5-10% 资产占比，季度再平衡

  黄金ETF:       ¥9.09  占比 [92m5.5% 🟢[0m  (目标 7.0%)
  偏离目标:      -1.5%  [92m未触发再平衡[0m

  投机检测:      盯盘=每日 → [93m投机模式风险[0m  建议改为季度检查

[1m═══════════════════════════════════════════[0m
[1m  检查完成 · [92m全部绿灯 ✅[0m[0m
[1m═══════════════════════════════════════════[0m


[1m═══════════════════════════════════════════[0m
[1m  投资纪律指标检查 · 2026-07-06[0m
[1m═══════════════════════════════════════════[0m

[1m【一、管住手】[0m
  原则：不在情绪高潮点开仓，不在高波动期追涨

  成交额情绪:    [92m0.96 🟢[0m  (阈值 < 1.3 / > 1.5 红灯)
                今日= 30,911亿  近20日均= 32,104亿
  三日振幅(天山铝业): [92m6.2% 🟢[0m  (阈值 < 8% / > 15% 红灯)
  三日振幅(紫金矿业): [92m7.5% 🟢[0m  (阈值 < 8% / > 15% 红灯)
  三日振幅(有色ETF): [92m1.6% 🟢[0m  (阈值 < 8% / > 15% 红灯)
  追涨惩罚率:    [93m— (需涨停股列表)[0m
  数据源:        新浪(成交额) + 腾讯(价格)

[1m【二、控仓位】[0m
  原则：单品种 ≤ 10%，同板块 ≤ 20%，现金 ≥ 50%

  单品种(科大讯飞): [92m5.7% 🟢[0m
  单品种(天山铝业): [92m2.9% 🟢[0m
  单品种(紫金矿业): [92m2.0% 🟢[0m
  单品种(黄金ETF): [92m5.4% 🟢[0m
  单品种(有色ETF): [92m0.3% 🟢[0m
  单品种(中证500ETF): [92m0.3% 🟢[0m
  单品种(卫星ETF): [92m4.8% 🟢[0m

  板块合计(AI科技): [92m5.7% 🟢[0m
  板块合计(有色金属): [92m5.2% 🟢[0m
  板块合计(贵金属): [92m5.4% 🟢[0m
  板块合计(宽基): [92m0.3% 🟢[0m
  板块合计(主题ETF): [92m4.8% 🟢[0m

  现金水位:      [93m84.8% 🟡 偏保守[0m  (阈值 ≥ 50% / < 40% 红灯)

  高风险品种（近20日波动率 > 3%）:
    [91m科大讯飞: 3.3% → 仓位减半[0m
    [91m天山铝业: 7.9% → 仓位减半[0m
    [91m紫金矿业: 6.7% → 仓位减半[0m
    [91m有色ETF: 4.9% → 仓位减半[0m
    [91m中证500ETF: 4.0% → 仓位减半[0m

[1m【三、别加杠杆】[0m
  原则：普通投资者杠杆倍数为 0

  个人杠杆:      [92m0 🟢[0m

  极端压力测试（再跌 20%）：
    科大讯飞: [92m-1.1%[0m 对总资产影响
    天山铝业: [92m-0.6%[0m 对总资产影响
    紫金矿业: [92m-0.4%[0m 对总资产影响
    黄金ETF: [92m-1.1%[0m 对总资产影响
    有色ETF: [92m-0.1%[0m 对总资产影响
    中证500ETF: [92m-0.1%[0m 对总资产影响
    卫星ETF: [92m-1.0%[0m 对总资产影响

[1m【四、黄金 = 配置非投机】[0m
  原则：5-10% 资产占比，季度再平衡

  黄金ETF:       ¥9.05  占比 [92m5.4% 🟢[0m  (目标 7.0%)
  偏离目标:      -1.6%  [92m未触发再平衡[0m

  投机检测:      盯盘=每日 → [93m投机模式风险[0m  建议改为季度检查

[1m═══════════════════════════════════════════[0m
[1m  检查完成 · [92m全部绿灯 ✅[0m[0m
[1m═══════════════════════════════════════════[0m


[1m═══════════════════════════════════════════[0m
[1m  投资纪律指标检查 · 2026-07-07[0m
[1m═══════════════════════════════════════════[0m

[1m【一、管住手】[0m
  原则：不在情绪高潮点开仓，不在高波动期追涨

  成交额情绪:    [92m0.81 🟢[0m  (阈值 < 1.3 / > 1.5 红灯)
                今日= 25,811亿  近20日均= 31,774亿
  三日振幅(天山铝业): [92m2.2% 🟢[0m  (阈值 < 8% / > 15% 红灯)
  三日振幅(紫金矿业): [92m2.4% 🟢[0m  (阈值 < 8% / > 15% 红灯)
  三日振幅(有色ETF): [92m5.0% 🟢[0m  (阈值 < 8% / > 15% 红灯)
  追涨惩罚率:    [93m— (需涨停股列表)[0m
  数据源:        新浪(成交额) + 腾讯(价格)

[1m【二、控仓位】[0m
  原则：单品种 ≤ 10%，同板块 ≤ 20%，现金 ≥ 50%

  单品种(科大讯飞): [92m5.6% 🟢[0m
  单品种(天山铝业): [92m2.8% 🟢[0m
  单品种(紫金矿业): [92m2.0% 🟢[0m
  单品种(黄金ETF): [92m5.4% 🟢[0m
  单品种(有色ETF): [92m0.3% 🟢[0m
  单品种(中证500ETF): [92m0.3% 🟢[0m
  单品种(卫星ETF): [92m4.6% 🟢[0m

  板块合计(AI科技): [92m5.6% 🟢[0m
  板块合计(有色金属): [92m5.1% 🟢[0m
  板块合计(贵金属): [92m5.4% 🟢[0m
  板块合计(宽基): [92m0.3% 🟢[0m
  板块合计(主题ETF): [92m4.6% 🟢[0m

  现金水位:      [93m84.8% 🟡 偏保守[0m  (阈值 ≥ 50% / < 40% 红灯)

  高风险品种（近20日波动率 > 3%）:
    [91m科大讯飞: 3.1% → 仓位减半[0m
    [91m天山铝业: 7.9% → 仓位减半[0m
    [91m紫金矿业: 6.7% → 仓位减半[0m
    [91m有色ETF: 4.9% → 仓位减半[0m
    [91m中证500ETF: 3.6% → 仓位减半[0m

[1m【三、别加杠杆】[0m
  原则：普通投资者杠杆倍数为 0

  个人杠杆:      [92m0 🟢[0m

  极端压力测试（再跌 20%）：
    科大讯飞: [92m-1.1%[0m 对总资产影响
    天山铝业: [92m-0.6%[0m 对总资产影响
    紫金矿业: [92m-0.4%[0m 对总资产影响
    黄金ETF: [92m-1.1%[0m 对总资产影响
    有色ETF: [92m-0.1%[0m 对总资产影响
    中证500ETF: [92m-0.1%[0m 对总资产影响
    卫星ETF: [92m-0.9%[0m 对总资产影响

[1m【四、黄金 = 配置非投机】[0m
  原则：5-10% 资产占比，季度再平衡

  黄金ETF:       ¥9.01  占比 [92m5.4% 🟢[0m  (目标 7.0%)
  偏离目标:      -1.6%  [92m未触发再平衡[0m

  投机检测:      盯盘=每日 → [93m投机模式风险[0m  建议改为季度检查

[1m═══════════════════════════════════════════[0m
[1m  检查完成 · [92m全部绿灯 ✅[0m[0m
[1m═══════════════════════════════════════════[0m


[1m═══════════════════════════════════════════[0m
[1m  投资纪律指标检查 · 2026-07-08[0m
[1m═══════════════════════════════════════════[0m

[1m【一、管住手】[0m
  原则：不在情绪高潮点开仓，不在高波动期追涨

  成交额情绪:    [92m0.81 🟢[0m  (阈值 < 1.3 / > 1.5 红灯)
                今日= 25,635亿  近20日均= 31,616亿
  三日振幅(天山铝业): [92m4.9% 🟢[0m  (阈值 < 8% / > 15% 红灯)
  三日振幅(紫金矿业): [92m3.4% 🟢[0m  (阈值 < 8% / > 15% 红灯)
  三日振幅(有色ETF): [92m6.3% 🟢[0m  (阈值 < 8% / > 15% 红灯)
  追涨惩罚率:    [93m— (需涨停股列表)[0m
  数据源:        新浪(成交额) + 腾讯(价格)

[1m【二、控仓位】[0m
  原则：单品种 ≤ 10%，同板块 ≤ 20%，现金 ≥ 50%

  单品种(科大讯飞): [92m5.8% 🟢[0m
  单品种(天山铝业): [92m2.7% 🟢[0m
  单品种(紫金矿业): [92m1.9% 🟢[0m
  单品种(黄金ETF): [92m5.4% 🟢[0m
  单品种(有色ETF): [92m0.3% 🟢[0m
  单品种(中证500ETF): [92m0.3% 🟢[0m
  单品种(卫星ETF): [92m4.5% 🟢[0m

  板块合计(AI科技): [92m5.8% 🟢[0m
  板块合计(有色金属): [92m5.0% 🟢[0m
  板块合计(贵金属): [92m5.4% 🟢[0m
  板块合计(宽基): [92m0.3% 🟢[0m
  板块合计(主题ETF): [92m4.5% 🟢[0m

  现金水位:      [93m84.8% 🟡 偏保守[0m  (阈值 ≥ 50% / < 40% 红灯)

  高风险品种（近20日波动率 > 3%）:
    [91m天山铝业: 7.8% → 仓位减半[0m
    [91m紫金矿业: 6.7% → 仓位减半[0m
    [91m有色ETF: 5.3% → 仓位减半[0m
    [91m中证500ETF: 3.4% → 仓位减半[0m

[1m【三、别加杠杆】[0m
  原则：普通投资者杠杆倍数为 0

  个人杠杆:      [92m0 🟢[0m

  极端压力测试（再跌 20%）：
    科大讯飞: [92m-1.2%[0m 对总资产影响
    天山铝业: [92m-0.5%[0m 对总资产影响
    紫金矿业: [92m-0.4%[0m 对总资产影响
    黄金ETF: [92m-1.1%[0m 对总资产影响
    有色ETF: [92m-0.1%[0m 对总资产影响
    中证500ETF: [92m-0.1%[0m 对总资产影响
    卫星ETF: [92m-0.9%[0m 对总资产影响

[1m【四、黄金 = 配置非投机】[0m
  原则：5-10% 资产占比，季度再平衡

  黄金ETF:       ¥9.01  占比 [92m5.4% 🟢[0m  (目标 7.0%)
  偏离目标:      -1.6%  [92m未触发再平衡[0m

  投机检测:      盯盘=每日 → [93m投机模式风险[0m  建议改为季度检查

[1m═══════════════════════════════════════════[0m
[1m  检查完成 · [92m全部绿灯 ✅[0m[0m
[1m═══════════════════════════════════════════[0m


[1m═══════════════════════════════════════════[0m
[1m  投资纪律指标检查 · 2026-07-09[0m
[1m═══════════════════════════════════════════[0m

[1m【一、管住手】[0m
  原则：不在情绪高潮点开仓，不在高波动期追涨

  成交额情绪:    [92m0.92 🟢[0m  (阈值 < 1.3 / > 1.5 红灯)
                今日= 29,137亿  近20日均= 31,678亿
  三日振幅(天山铝业): [92m6.5% 🟢[0m  (阈值 < 8% / > 15% 红灯)
  三日振幅(紫金矿业): [92m1.0% 🟢[0m  (阈值 < 8% / > 15% 红灯)
  三日振幅(有色ETF): [92m2.9% 🟢[0m  (阈值 < 8% / > 15% 红灯)
  追涨惩罚率:    [93m— (需涨停股列表)[0m
  数据源:        新浪(成交额) + 腾讯(价格)

[1m【二、控仓位】[0m
  原则：单品种 ≤ 10%，同板块 ≤ 20%，现金 ≥ 50%

  单品种(科大讯飞): [92m6.0% 🟢[0m
  单品种(天山铝业): [92m2.6% 🟢[0m
  单品种(紫金矿业): [92m2.0% 🟢[0m
  单品种(黄金ETF): [92m5.4% 🟢[0m
  单品种(有色ETF): [92m0.3% 🟢[0m
  单品种(中证500ETF): [92m0.3% 🟢[0m
  单品种(卫星ETF): [92m4.7% 🟢[0m

  板块合计(AI科技): [92m6.0% 🟢[0m
  板块合计(有色金属): [92m4.9% 🟢[0m
  板块合计(贵金属): [92m5.4% 🟢[0m
  板块合计(宽基): [92m0.3% 🟢[0m
  板块合计(主题ETF): [92m4.7% 🟢[0m

  现金水位:      [93m84.8% 🟡 偏保守[0m  (阈值 ≥ 50% / < 40% 红灯)

  高风险品种（近20日波动率 > 3%）:
    [91m天山铝业: 7.8% → 仓位减半[0m
    [91m紫金矿业: 6.7% → 仓位减半[0m
    [91m有色ETF: 5.6% → 仓位减半[0m

[1m【三、别加杠杆】[0m
  原则：普通投资者杠杆倍数为 0

  个人杠杆:      [92m0 🟢[0m

  极端压力测试（再跌 20%）：
    科大讯飞: [92m-1.2%[0m 对总资产影响
    天山铝业: [92m-0.5%[0m 对总资产影响
    紫金矿业: [92m-0.4%[0m 对总资产影响
    黄金ETF: [92m-1.1%[0m 对总资产影响
    有色ETF: [92m-0.1%[0m 对总资产影响
    中证500ETF: [92m-0.1%[0m 对总资产影响
    卫星ETF: [92m-0.9%[0m 对总资产影响

[1m【四、黄金 = 配置非投机】[0m
  原则：5-10% 资产占比，季度再平衡

  黄金ETF:       ¥8.97  占比 [92m5.4% 🟢[0m  (目标 7.0%)
  偏离目标:      -1.6%  [92m未触发再平衡[0m

  投机检测:      盯盘=每日 → [93m投机模式风险[0m  建议改为季度检查

[1m═══════════════════════════════════════════[0m
[1m  检查完成 · [92m全部绿灯 ✅[0m[0m
[1m═══════════════════════════════════════════[0m


[1m═══════════════════════════════════════════[0m
[1m  投资纪律指标检查 · 2026-07-10[0m
[1m═══════════════════════════════════════════[0m

[1m【一、管住手】[0m
  原则：不在情绪高潮点开仓，不在高波动期追涨

  成交额情绪:    [92m1.07 🟢[0m  (阈值 < 1.3 / > 1.5 红灯)
                今日= 33,885亿  近20日均= 31,797亿
  三日振幅(天山铝业): [92m4.7% 🟢[0m  (阈值 < 8% / > 15% 红灯)
  三日振幅(紫金矿业): [92m1.3% 🟢[0m  (阈值 < 8% / > 15% 红灯)
  三日振幅(有色ETF): [92m0.6% 🟢[0m  (阈值 < 8% / > 15% 红灯)
  追涨惩罚率:    [93m— (需涨停股列表)[0m
  数据源:        新浪(成交额) + 腾讯(价格)

[1m【二、控仓位】[0m
  原则：单品种 ≤ 10%，同板块 ≤ 20%，现金 ≥ 50%

  单品种(科大讯飞): [92m6.1% 🟢[0m
  单品种(天山铝业): [92m2.8% 🟢[0m
  单品种(紫金矿业): [92m2.0% 🟢[0m
  单品种(黄金ETF): [92m5.4% 🟢[0m
  单品种(有色ETF): [92m0.3% 🟢[0m
  单品种(中证500ETF): [92m0.3% 🟢[0m
  单品种(卫星ETF): [92m5.1% 🟢[0m

  板块合计(AI科技): [92m6.1% 🟢[0m
  板块合计(有色金属): [92m5.0% 🟢[0m
  板块合计(贵金属): [92m5.4% 🟢[0m
  板块合计(宽基): [92m0.3% 🟢[0m
  板块合计(主题ETF): [92m5.1% 🟢[0m

  现金水位:      [93m84.8% 🟡 偏保守[0m  (阈值 ≥ 50% / < 40% 红灯)

  高风险品种（近20日波动率 > 3%）:
    [91m天山铝业: 7.3% → 仓位减半[0m
    [91m紫金矿业: 6.7% → 仓位减半[0m
    [91m有色ETF: 5.9% → 仓位减半[0m

[1m【三、别加杠杆】[0m
  原则：普通投资者杠杆倍数为 0

  个人杠杆:      [92m0 🟢[0m

  极端压力测试（再跌 20%）：
    科大讯飞: [92m-1.2%[0m 对总资产影响
    天山铝业: [92m-0.6%[0m 对总资产影响
    紫金矿业: [92m-0.4%[0m 对总资产影响
    黄金ETF: [92m-1.1%[0m 对总资产影响
    有色ETF: [92m-0.1%[0m 对总资产影响
    中证500ETF: [92m-0.1%[0m 对总资产影响
    卫星ETF: [92m-1.0%[0m 对总资产影响

[1m【四、黄金 = 配置非投机】[0m
  原则：5-10% 资产占比，季度再平衡

  黄金ETF:       ¥8.96  占比 [92m5.4% 🟢[0m  (目标 7.0%)
  偏离目标:      -1.6%  [92m未触发再平衡[0m

  投机检测:      盯盘=每日 → [93m投机模式风险[0m  建议改为季度检查

[1m═══════════════════════════════════════════[0m
[1m  检查完成 · [92m全部绿灯 ✅[0m[0m
[1m═══════════════════════════════════════════[0m


[1m═══════════════════════════════════════════[0m
[1m  投资纪律指标检查 · 2026-07-13[0m
[1m═══════════════════════════════════════════[0m

[1m【一、管住手】[0m
  原则：不在情绪高潮点开仓，不在高波动期追涨

  成交额情绪:    [92m0.89 🟢[0m  (阈值 < 1.3 / > 1.5 红灯)
                今日= 28,178亿  近20日均= 31,831亿
  三日振幅(天山铝业): [92m4.7% 🟢[0m  (阈值 < 8% / > 15% 红灯)
  三日振幅(紫金矿业): [92m1.3% 🟢[0m  (阈值 < 8% / > 15% 红灯)
  三日振幅(有色ETF): [92m4.8% 🟢[0m  (阈值 < 8% / > 15% 红灯)
  追涨惩罚率:    [93m— (需涨停股列表)[0m
  数据源:        新浪(成交额) + 腾讯(价格)

[1m【二、控仓位】[0m
  原则：单品种 ≤ 10%，同板块 ≤ 20%，现金 ≥ 50%

  单品种(科大讯飞): [92m5.9% 🟢[0m
  单品种(天山铝业): [92m2.8% 🟢[0m
  单品种(紫金矿业): [92m1.9% 🟢[0m
  单品种(黄金ETF): [92m5.3% 🟢[0m
  单品种(有色ETF): [92m0.3% 🟢[0m
  单品种(中证500ETF): [92m0.3% 🟢[0m
  单品种(卫星ETF): [92m4.6% 🟢[0m

  板块合计(AI科技): [92m5.9% 🟢[0m
  板块合计(有色金属): [92m5.0% 🟢[0m
  板块合计(贵金属): [92m5.3% 🟢[0m
  板块合计(宽基): [92m0.3% 🟢[0m
  板块合计(主题ETF): [92m4.6% 🟢[0m

  现金水位:      [93m84.8% 🟡 偏保守[0m  (阈值 ≥ 50% / < 40% 红灯)

  高风险品种（近20日波动率 > 3%）:
    [91m天山铝业: 6.6% → 仓位减半[0m
    [91m紫金矿业: 6.7% → 仓位减半[0m
    [91m有色ETF: 6.5% → 仓位减半[0m

[1m【三、别加杠杆】[0m
  原则：普通投资者杠杆倍数为 0

  个人杠杆:      [92m0 🟢[0m

  极端压力测试（再跌 20%）：
    科大讯飞: [92m-1.2%[0m 对总资产影响
    天山铝业: [92m-0.6%[0m 对总资产影响
    紫金矿业: [92m-0.4%[0m 对总资产影响
    黄金ETF: [92m-1.1%[0m 对总资产影响
    有色ETF: [92m-0.1%[0m 对总资产影响
    中证500ETF: [92m-0.1%[0m 对总资产影响
    卫星ETF: [92m-0.9%[0m 对总资产影响

[1m【四、黄金 = 配置非投机】[0m
  原则：5-10% 资产占比，季度再平衡

  黄金ETF:       ¥8.82  占比 [92m5.3% 🟢[0m  (目标 7.0%)
  偏离目标:      -1.7%  [92m未触发再平衡[0m

  投机检测:      盯盘=每日 → [93m投机模式风险[0m  建议改为季度检查

[1m═══════════════════════════════════════════[0m
[1m  检查完成 · [92m全部绿灯 ✅[0m[0m
[1m═══════════════════════════════════════════[0m


[1m═══════════════════════════════════════════[0m
[1m  投资纪律指标检查 · 2026-07-14[0m
[1m═══════════════════════════════════════════[0m

[1m【一、管住手】[0m
  原则：不在情绪高潮点开仓，不在高波动期追涨

  成交额情绪:    [92m0.85 🟢[0m  (阈值 < 1.3 / > 1.5 红灯)
                今日= 27,040亿  近20日均= 31,633亿
  三日振幅(天山铝业): [93m10.0% 🟡 谨慎[0m  (阈值 < 8% / > 15% 红灯)
  三日振幅(紫金矿业): [92m6.2% 🟢[0m  (阈值 < 8% / > 15% 红灯)
  三日振幅(有色ETF): [92m5.4% 🟢[0m  (阈值 < 8% / > 15% 红灯)
  追涨惩罚率:    [93m— (需涨停股列表)[0m
  数据源:        新浪(成交额) + 腾讯(价格)

[1m【二、控仓位】[0m
  原则：单品种 ≤ 10%，同板块 ≤ 20%，现金 ≥ 50%

  单品种(科大讯飞): [92m5.8% 🟢[0m
  单品种(天山铝业): [92m3.0% 🟢[0m
  单品种(紫金矿业): [92m2.1% 🟢[0m
  单品种(黄金ETF): [92m5.3% 🟢[0m
  单品种(有色ETF): [92m0.3% 🟢[0m
  单品种(中证500ETF): [92m0.3% 🟢[0m
  单品种(卫星ETF): [92m4.3% 🟢[0m

  板块合计(AI科技): [92m5.8% 🟢[0m
  板块合计(有色金属): [92m5.4% 🟢[0m
  板块合计(贵金属): [92m5.3% 🟢[0m
  板块合计(宽基): [92m0.3% 🟢[0m
  板块合计(主题ETF): [92m4.3% 🟢[0m

  现金水位:      [93m84.8% 🟡 偏保守[0m  (阈值 ≥ 50% / < 40% 红灯)

  高风险品种（近20日波动率 > 3%）:
    [91m天山铝业: 5.6% → 仓位减半[0m
    [91m紫金矿业: 6.1% → 仓位减半[0m
    [91m有色ETF: 6.4% → 仓位减半[0m
    [91m卫星ETF: 3.5% → 仓位减半[0m

[1m【三、别加杠杆】[0m
  原则：普通投资者杠杆倍数为 0

  个人杠杆:      [92m0 🟢[0m

  极端压力测试（再跌 20%）：
    科大讯飞: [92m-1.2%[0m 对总资产影响
    天山铝业: [92m-0.6%[0m 对总资产影响
    紫金矿业: [92m-0.4%[0m 对总资产影响
    黄金ETF: [92m-1.1%[0m 对总资产影响
    有色ETF: [92m-0.1%[0m 对总资产影响
    中证500ETF: [92m-0.1%[0m 对总资产影响
    卫星ETF: [92m-0.9%[0m 对总资产影响

[1m【四、黄金 = 配置非投机】[0m
  原则：5-10% 资产占比，季度再平衡

  黄金ETF:       ¥8.78  占比 [92m5.3% 🟢[0m  (目标 7.0%)
  偏离目标:      -1.7%  [92m未触发再平衡[0m

  投机检测:      盯盘=每日 → [93m投机模式风险[0m  建议改为季度检查

[1m═══════════════════════════════════════════[0m
[1m  检查完成 · [92m全部绿灯 ✅[0m[0m
[1m═══════════════════════════════════════════[0m


[1m═══════════════════════════════════════════[0m
[1m  投资纪律指标检查 · 2026-07-15[0m
[1m═══════════════════════════════════════════[0m

[1m【一、管住手】[0m
  原则：不在情绪高潮点开仓，不在高波动期追涨

  成交额情绪:    [92m0.82 🟢[0m  (阈值 < 1.3 / > 1.5 红灯)
                今日= 25,712亿  近20日均= 31,509亿
  三日振幅(天山铝业): [93m14.5% 🟡 谨慎[0m  (阈值 < 8% / > 15% 红灯)
  三日振幅(紫金矿业): [92m6.2% 🟢[0m  (阈值 < 8% / > 15% 红灯)
  三日振幅(有色ETF): [92m5.4% 🟢[0m  (阈值 < 8% / > 15% 红灯)
  追涨惩罚率:    [93m— (需涨停股列表)[0m
  数据源:        新浪(成交额) + 腾讯(价格)

[1m【二、控仓位】[0m
  原则：单品种 ≤ 10%，同板块 ≤ 20%，现金 ≥ 50%

  单品种(科大讯飞): [92m5.8% 🟢[0m
  单品种(天山铝业): [92m3.2% 🟢[0m
  单品种(紫金矿业): [92m2.0% 🟢[0m
  单品种(黄金ETF): [92m5.3% 🟢[0m
  单品种(有色ETF): [92m0.3% 🟢[0m
  单品种(中证500ETF): [92m0.3% 🟢[0m
  单品种(卫星ETF): [92m4.2% 🟢[0m

  板块合计(AI科技): [92m5.8% 🟢[0m
  板块合计(有色金属): [92m5.5% 🟢[0m
  板块合计(贵金属): [92m5.3% 🟢[0m
  板块合计(宽基): [92m0.3% 🟢[0m
  板块合计(主题ETF): [92m4.2% 🟢[0m

  现金水位:      [93m84.8% 🟡 偏保守[0m  (阈值 ≥ 50% / < 40% 红灯)

  高风险品种（近20日波动率 > 3%）:
    [91m天山铝业: 5.7% → 仓位减半[0m
    [91m紫金矿业: 5.8% → 仓位减半[0m
    [91m有色ETF: 6.3% → 仓位减半[0m
    [91m卫星ETF: 4.4% → 仓位减半[0m

[1m【三、别加杠杆】[0m
  原则：普通投资者杠杆倍数为 0

  个人杠杆:      [92m0 🟢[0m

  极端压力测试（再跌 20%）：
    科大讯飞: [92m-1.2%[0m 对总资产影响
    天山铝业: [92m-0.6%[0m 对总资产影响
    紫金矿业: [92m-0.4%[0m 对总资产影响
    黄金ETF: [92m-1.1%[0m 对总资产影响
    有色ETF: [92m-0.1%[0m 对总资产影响
    中证500ETF: [92m-0.1%[0m 对总资产影响
    卫星ETF: [92m-0.8%[0m 对总资产影响

[1m【四、黄金 = 配置非投机】[0m
  原则：5-10% 资产占比，季度再平衡

  黄金ETF:       ¥8.78  占比 [92m5.3% 🟢[0m  (目标 7.0%)
  偏离目标:      -1.7%  [92m未触发再平衡[0m

  投机检测:      盯盘=每日 → [93m投机模式风险[0m  建议改为季度检查

[1m═══════════════════════════════════════════[0m
[1m  检查完成 · [92m全部绿灯 ✅[0m[0m
[1m═══════════════════════════════════════════[0m


[1m═══════════════════════════════════════════[0m
[1m  投资纪律指标检查 · 2026-07-16[0m
[1m═══════════════════════════════════════════[0m

[1m【一、管住手】[0m
  原则：不在情绪高潮点开仓，不在高波动期追涨

  成交额情绪:    [92m0.77 🟢[0m  (阈值 < 1.3 / > 1.5 红灯)
                今日= 24,036亿  近20日均= 31,410亿
  三日振幅(天山铝业): [92m4.1% 🟢[0m  (阈值 < 8% / > 15% 红灯)
  三日振幅(紫金矿业): [92m1.5% 🟢[0m  (阈值 < 8% / > 15% 红灯)
  三日振幅(有色ETF): [92m2.3% 🟢[0m  (阈值 < 8% / > 15% 红灯)
  追涨惩罚率:    [93m— (需涨停股列表)[0m
  数据源:        新浪(成交额) + 腾讯(价格)

[1m【二、控仓位】[0m
  原则：单品种 ≤ 10%，同板块 ≤ 20%，现金 ≥ 50%

  单品种(科大讯飞): [92m5.9% 🟢[0m
  单品种(天山铝业): [92m3.1% 🟢[0m
  单品种(紫金矿业): [92m2.1% 🟢[0m
  单品种(黄金ETF): [92m5.3% 🟢[0m
  单品种(有色ETF): [92m0.3% 🟢[0m
  单品种(中证500ETF): [92m0.3% 🟢[0m
  单品种(卫星ETF): [92m4.1% 🟢[0m

  板块合计(AI科技): [92m5.9% 🟢[0m
  板块合计(有色金属): [92m5.5% 🟢[0m
  板块合计(贵金属): [92m5.3% 🟢[0m
  板块合计(宽基): [92m0.3% 🟢[0m
  板块合计(主题ETF): [92m4.1% 🟢[0m

  现金水位:      [93m84.8% 🟡 偏保守[0m  (阈值 ≥ 50% / < 40% 红灯)

  高风险品种（近20日波动率 > 3%）:
    [91m天山铝业: 5.7% → 仓位减半[0m
    [91m紫金矿业: 5.5% → 仓位减半[0m
    [91m有色ETF: 6.2% → 仓位减半[0m
    [91m中证500ETF: 3.7% → 仓位减半[0m
    [91m卫星ETF: 5.2% → 仓位减半[0m

[1m【三、别加杠杆】[0m
  原则：普通投资者杠杆倍数为 0

  个人杠杆:      [92m0 🟢[0m

  极端压力测试（再跌 20%）：
    科大讯飞: [92m-1.2%[0m 对总资产影响
    天山铝业: [92m-0.6%[0m 对总资产影响
    紫金矿业: [92m-0.4%[0m 对总资产影响
    黄金ETF: [92m-1.1%[0m 对总资产影响
    有色ETF: [92m-0.1%[0m 对总资产影响
    中证500ETF: [92m-0.1%[0m 对总资产影响
    卫星ETF: [92m-0.8%[0m 对总资产影响

[1m【四、黄金 = 配置非投机】[0m
  原则：5-10% 资产占比，季度再平衡

  黄金ETF:       ¥8.76  占比 [92m5.3% 🟢[0m  (目标 7.0%)
  偏离目标:      -1.7%  [92m未触发再平衡[0m

  投机检测:      盯盘=每日 → [93m投机模式风险[0m  建议改为季度检查

[1m═══════════════════════════════════════════[0m
[1m  检查完成 · [92m全部绿灯 ✅[0m[0m
[1m═══════════════════════════════════════════[0m


[1m═══════════════════════════════════════════[0m
[1m  投资纪律指标检查 · 2026-07-17[0m
[1m═══════════════════════════════════════════[0m

[1m【一、管住手】[0m
  原则：不在情绪高潮点开仓，不在高波动期追涨

  成交额情绪:    [92m0.85 🟢[0m  (阈值 < 1.3 / > 1.5 红灯)
                今日= 26,550亿  近20日均= 31,193亿
  三日振幅(天山铝业): [92m6.3% 🟢[0m  (阈值 < 8% / > 15% 红灯)
  三日振幅(紫金矿业): [92m3.1% 🟢[0m  (阈值 < 8% / > 15% 红灯)
  三日振幅(有色ETF): [92m6.1% 🟢[0m  (阈值 < 8% / > 15% 红灯)
  追涨惩罚率:    [93m— (需涨停股列表)[0m
  数据源:        新浪(成交额) + 腾讯(价格)

[1m【二、控仓位】[0m
  原则：单品种 ≤ 10%，同板块 ≤ 20%，现金 ≥ 50%

  单品种(科大讯飞): [92m5.8% 🟢[0m
  单品种(天山铝业): [92m3.0% 🟢[0m
  单品种(紫金矿业): [92m2.0% 🟢[0m
  单品种(黄金ETF): [92m5.2% 🟢[0m
  单品种(有色ETF): [92m0.3% 🟢[0m
  单品种(中证500ETF): [92m0.3% 🟢[0m
  单品种(卫星ETF): [92m3.7% 🟢[0m

  板块合计(AI科技): [92m5.8% 🟢[0m
  板块合计(有色金属): [92m5.3% 🟢[0m
  板块合计(贵金属): [92m5.2% 🟢[0m
  板块合计(宽基): [92m0.3% 🟢[0m
  板块合计(主题ETF): [92m3.7% 🟢[0m

  现金水位:      [93m84.8% 🟡 偏保守[0m  (阈值 ≥ 50% / < 40% 红灯)

  高风险品种（近20日波动率 > 3%）:
    [91m天山铝业: 5.7% → 仓位减半[0m
    [91m紫金矿业: 5.2% → 仓位减半[0m
    [91m有色ETF: 6.3% → 仓位减半[0m
    [91m中证500ETF: 4.9% → 仓位减半[0m
    [91m卫星ETF: 6.8% → 仓位减半[0m

[1m【三、别加杠杆】[0m
  原则：普通投资者杠杆倍数为 0

  个人杠杆:      [92m0 🟢[0m

  极端压力测试（再跌 20%）：
    科大讯飞: [92m-1.2%[0m 对总资产影响
    天山铝业: [92m-0.6%[0m 对总资产影响
    紫金矿业: [92m-0.4%[0m 对总资产影响
    黄金ETF: [92m-1.0%[0m 对总资产影响
    有色ETF: [92m-0.1%[0m 对总资产影响
    中证500ETF: [92m-0.1%[0m 对总资产影响
    卫星ETF: [92m-0.7%[0m 对总资产影响

[1m【四、黄金 = 配置非投机】[0m
  原则：5-10% 资产占比，季度再平衡

  黄金ETF:       ¥8.71  占比 [92m5.2% 🟢[0m  (目标 7.0%)
  偏离目标:      -1.8%  [92m未触发再平衡[0m

  投机检测:      盯盘=每日 → [93m投机模式风险[0m  建议改为季度检查

[1m═══════════════════════════════════════════[0m
[1m  检查完成 · [92m全部绿灯 ✅[0m[0m
[1m═══════════════════════════════════════════[0m


[1m═══════════════════════════════════════════[0m
[1m  投资纪律指标检查 · 2026-07-20[0m
[1m═══════════════════════════════════════════[0m

[1m【一、管住手】[0m
  原则：不在情绪高潮点开仓，不在高波动期追涨

  成交额情绪:    [92m0.88 🟢[0m  (阈值 < 1.3 / > 1.5 红灯)
                今日= 27,021亿  近20日均= 30,674亿
  三日振幅(天山铝业): [92m5.2% 🟢[0m  (阈值 < 8% / > 15% 红灯)
  三日振幅(紫金矿业): [92m3.5% 🟢[0m  (阈值 < 8% / > 15% 红灯)
  三日振幅(有色ETF): [92m6.8% 🟢[0m  (阈值 < 8% / > 15% 红灯)
  追涨惩罚率:    [93m— (需涨停股列表)[0m
  数据源:        新浪(成交额) + 腾讯(价格)

[1m【二、控仓位】[0m
  原则：单品种 ≤ 10%，同板块 ≤ 20%，现金 ≥ 50%

  单品种(科大讯飞): [92m5.8% 🟢[0m
  单品种(天山铝业): [92m3.1% 🟢[0m
  单品种(紫金矿业): [92m2.1% 🟢[0m
  单品种(黄金ETF): [92m5.2% 🟢[0m
  单品种(有色ETF): [92m0.3% 🟢[0m
  单品种(中证500ETF): [92m0.3% 🟢[0m
  单品种(卫星ETF): [92m3.6% 🟢[0m

  板块合计(AI科技): [92m5.8% 🟢[0m
  板块合计(有色金属): [92m5.5% 🟢[0m
  板块合计(贵金属): [92m5.2% 🟢[0m
  板块合计(宽基): [92m0.3% 🟢[0m
  板块合计(主题ETF): [92m3.6% 🟢[0m

  现金水位:      [93m84.8% 🟡 偏保守[0m  (阈值 ≥ 50% / < 40% 红灯)

  高风险品种（近20日波动率 > 3%）:
    [91m天山铝业: 5.4% → 仓位减半[0m
    [91m紫金矿业: 4.9% → 仓位减半[0m
    [91m有色ETF: 5.5% → 仓位减半[0m
    [91m中证500ETF: 5.7% → 仓位减半[0m
    [91m卫星ETF: 8.3% → 仓位减半[0m

[1m【三、别加杠杆】[0m
  原则：普通投资者杠杆倍数为 0

  个人杠杆:      [92m0 🟢[0m

  极端压力测试（再跌 20%）：
    科大讯飞: [92m-1.2%[0m 对总资产影响
    天山铝业: [92m-0.6%[0m 对总资产影响
    紫金矿业: [92m-0.4%[0m 对总资产影响
    黄金ETF: [92m-1.0%[0m 对总资产影响
    有色ETF: [92m-0.1%[0m 对总资产影响
    中证500ETF: [92m-0.1%[0m 对总资产影响
    卫星ETF: [92m-0.7%[0m 对总资产影响

[1m【四、黄金 = 配置非投机】[0m
  原则：5-10% 资产占比，季度再平衡

  黄金ETF:       ¥8.72  占比 [92m5.2% 🟢[0m  (目标 7.0%)
  偏离目标:      -1.8%  [92m未触发再平衡[0m

  投机检测:      盯盘=每日 → [93m投机模式风险[0m  建议改为季度检查

[1m═══════════════════════════════════════════[0m
[1m  检查完成 · [92m全部绿灯 ✅[0m[0m
[1m═══════════════════════════════════════════[0m


[1m═══════════════════════════════════════════[0m
[1m  投资纪律指标检查 · 2026-07-21[0m
[1m═══════════════════════════════════════════[0m

[1m【一、管住手】[0m
  原则：不在情绪高潮点开仓，不在高波动期追涨

  成交额情绪:    [92m0.97 🟢[0m  (阈值 < 1.3 / > 1.5 红灯)
                今日= 29,571亿  近20日均= 30,432亿
  三日振幅(天山铝业): [92m4.3% 🟢[0m  (阈值 < 8% / > 15% 红灯)
  三日振幅(紫金矿业): [92m6.5% 🟢[0m  (阈值 < 8% / > 15% 红灯)
  三日振幅(有色ETF): [92m5.6% 🟢[0m  (阈值 < 8% / > 15% 红灯)
  追涨惩罚率:    [93m— (需涨停股列表)[0m
  数据源:        新浪(成交额) + 腾讯(价格)

[1m【二、控仓位】[0m
  原则：单品种 ≤ 10%，同板块 ≤ 20%，现金 ≥ 50%

  单品种(科大讯飞): [92m5.9% 🟢[0m
  单品种(天山铝业): [92m3.0% 🟢[0m
  单品种(紫金矿业): [92m2.1% 🟢[0m
  单品种(黄金ETF): [92m5.3% 🟢[0m
  单品种(有色ETF): [92m0.3% 🟢[0m
  单品种(中证500ETF): [92m0.3% 🟢[0m
  单品种(卫星ETF): [92m3.8% 🟢[0m

  板块合计(AI科技): [92m5.9% 🟢[0m
  板块合计(有色金属): [92m5.5% 🟢[0m
  板块合计(贵金属): [92m5.3% 🟢[0m
  板块合计(宽基): [92m0.3% 🟢[0m
  板块合计(主题ETF): [92m3.8% 🟢[0m

  现金水位:      [93m84.8% 🟡 偏保守[0m  (阈值 ≥ 50% / < 40% 红灯)

  高风险品种（近20日波动率 > 3%）:
    [91m天山铝业: 5.5% → 仓位减半[0m
    [91m紫金矿业: 5.4% → 仓位减半[0m
    [91m有色ETF: 5.2% → 仓位减半[0m
    [91m中证500ETF: 6.1% → 仓位减半[0m
    [91m卫星ETF: 9.2% → 仓位减半[0m

[1m【三、别加杠杆】[0m
  原则：普通投资者杠杆倍数为 0

  个人杠杆:      [92m0 🟢[0m

  极端压力测试（再跌 20%）：
    科大讯飞: [92m-1.2%[0m 对总资产影响
    天山铝业: [92m-0.6%[0m 对总资产影响
    紫金矿业: [92m-0.4%[0m 对总资产影响
    黄金ETF: [92m-1.1%[0m 对总资产影响
    有色ETF: [92m-0.1%[0m 对总资产影响
    中证500ETF: [92m-0.1%[0m 对总资产影响
    卫星ETF: [92m-0.8%[0m 对总资产影响

[1m【四、黄金 = 配置非投机】[0m
  原则：5-10% 资产占比，季度再平衡

  黄金ETF:       ¥8.87  占比 [92m5.3% 🟢[0m  (目标 7.0%)
  偏离目标:      -1.7%  [92m未触发再平衡[0m

  投机检测:      盯盘=每日 → [93m投机模式风险[0m  建议改为季度检查

[1m═══════════════════════════════════════════[0m
[1m  检查完成 · [92m全部绿灯 ✅[0m[0m
[1m═══════════════════════════════════════════[0m


[1m═══════════════════════════════════════════[0m
[1m  投资纪律指标检查 · 2026-07-22[0m
[1m═══════════════════════════════════════════[0m

[1m【一、管住手】[0m
  原则：不在情绪高潮点开仓，不在高波动期追涨

  成交额情绪:    [92m0.88 🟢[0m  (阈值 < 1.3 / > 1.5 红灯)
                今日= 26,533亿  近20日均= 30,117亿
  三日振幅(天山铝业): [92m2.4% 🟢[0m  (阈值 < 8% / > 15% 红灯)
  三日振幅(紫金矿业): [93m9.7% 🟡 谨慎[0m  (阈值 < 8% / > 15% 红灯)
  三日振幅(有色ETF): [93m9.3% 🟡 谨慎[0m  (阈值 < 8% / > 15% 红灯)
  追涨惩罚率:    [93m— (需涨停股列表)[0m
  数据源:        新浪(成交额) + 腾讯(价格)

[1m【二、控仓位】[0m
  原则：单品种 ≤ 10%，同板块 ≤ 20%，现金 ≥ 50%

  单品种(科大讯飞): [92m5.8% 🟢[0m
  单品种(天山铝业): [92m3.1% 🟢[0m
  单品种(紫金矿业): [92m2.3% 🟢[0m
  单品种(黄金ETF): [92m5.4% 🟢[0m
  单品种(有色ETF): [92m0.3% 🟢[0m
  单品种(中证500ETF): [92m0.3% 🟢[0m
  单品种(卫星ETF): [92m3.7% 🟢[0m

  板块合计(AI科技): [92m5.8% 🟢[0m
  板块合计(有色金属): [92m5.6% 🟢[0m
  板块合计(贵金属): [92m5.4% 🟢[0m
  板块合计(宽基): [92m0.3% 🟢[0m
  板块合计(主题ETF): [92m3.7% 🟢[0m

  现金水位:      [93m84.8% 🟡 偏保守[0m  (阈值 ≥ 50% / < 40% 红灯)

  高风险品种（近20日波动率 > 3%）:
    [91m天山铝业: 5.7% → 仓位减半[0m
    [91m紫金矿业: 6.5% → 仓位减半[0m
    [91m有色ETF: 4.6% → 仓位减半[0m
    [91m中证500ETF: 6.4% → 仓位减半[0m
    [91m卫星ETF: 10.0% → 仓位减半[0m

[1m【三、别加杠杆】[0m
  原则：普通投资者杠杆倍数为 0

  个人杠杆:      [92m0 🟢[0m

  极端压力测试（再跌 20%）：
    科大讯飞: [92m-1.2%[0m 对总资产影响
    天山铝业: [92m-0.6%[0m 对总资产影响
    紫金矿业: [92m-0.5%[0m 对总资产影响
    黄金ETF: [92m-1.1%[0m 对总资产影响
    有色ETF: [92m-0.1%[0m 对总资产影响
    中证500ETF: [92m-0.1%[0m 对总资产影响
    卫星ETF: [92m-0.7%[0m 对总资产影响

[1m【四、黄金 = 配置非投机】[0m
  原则：5-10% 资产占比，季度再平衡

  黄金ETF:       ¥8.97  占比 [92m5.4% 🟢[0m  (目标 7.0%)
  偏离目标:      -1.6%  [92m未触发再平衡[0m

  投机检测:      盯盘=每日 → [93m投机模式风险[0m  建议改为季度检查

[1m═══════════════════════════════════════════[0m
[1m  检查完成 · [92m全部绿灯 ✅[0m[0m
[1m═══════════════════════════════════════════[0m

