📊 KnowingDoing 市场数据抓取 · 2026-06-17
[ERROR] 请先安装 akshare: pip3 install akshare

⚠️ 今日可能非交易日，无需操作
📊 KnowingDoing 市场数据抓取 · 2026-06-18  (腾讯财经)
  ✅ 上证指数: 4090.48 (-0.43%)
  ✅ 深证成指: 16030.7 (+0.94%)
  ✅ 创业板指: 4252.39 (+2.05%)
  ✅ 科创50: 1911.51 (+3.84%)
  ✅ 上证50: 2928.75 (-0.19%)
  ✅ 沪深300: 4941.6 (+0.21%)
  ✅ 中证500: 8673.09 (+0.53%)
  📝 已生成: /Users/ninebot/02-sourceCode/gitee/KnowingDoing/review/2026/06/2026-06-18.md

==================================================
✅ 7 大指数抓取完成
📝 打开编辑器补充分析
📊 KnowingDoing 市场数据抓取 · 2026-06-22  (腾讯财经)
  ✅ 上证指数: 4163.1 (+1.78%)
  ✅ 深证成指: 16372.5 (+2.13%)
  ✅ 创业板指: 4359.39 (+2.52%)
  ✅ 科创50: 1948.93 (+1.96%)
  ✅ 上证50: 3012.65 (+2.86%)
  ✅ 沪深300: 5059.66 (+2.39%)
  ✅ 中证500: 8868.78 (+2.26%)
  📝 已生成: /Users/ninebot/02-sourceCode/gitee/KnowingDoing/review/2026/06/2026-06-22.md

==================================================
✅ 7 大指数抓取完成
📝 打开编辑器补充分析
📊 KnowingDoing 市场数据抓取 · 2026-06-23  (腾讯财经)

[指数]
  ✅ 上证指数: 4106.25 (-1.37%)
  ✅ 深证成指: 15854.2 (-3.17%)
  ✅ 创业板指: 4192.19 (-3.84%)
  ✅ 科创50: 1916.21 (-1.68%)
  ✅ 上证50: 2926.83 (-2.85%)
  ✅ 沪深300: 4919.39 (-2.77%)
  ✅ 中证500: 8688.59 (-2.03%)

[重点标的]
  ✅ 中证500ETF: 8.81 (-2.13%)
  ✅ 黄金ETF: 8.95 (-2.04%)
  ✅ 科大讯飞: 42.25 (-3.71%)
  ✅ 天山铝业: 11.8 (-8.53%)
  ✅ 紫金矿业: 27.75 (-8.84%)
  ✅ 有色ETF: 1.98 (-8.31%)
  ⚠️ /Users/ninebot/02-sourceCode/gitee/KnowingDoing/review/2026/06/2026-06-23.md 已存在，跳过生成

==================================================
✅ 7 大指数 + 6 重点标的 抓取完成
📝 打开编辑器补充分析
📊 KnowingDoing 市场数据抓取 · 2026-06-24  (腾讯财经)

[指数]
  ✅ 上证指数: 4110.81 (+0.11%)
  ✅ 深证成指: 16051.32 (+1.24%)
  ✅ 创业板指: 4251.42 (+1.41%)
  ✅ 科创50: 1989.43 (+3.82%)
  ✅ 上证50: 2943.9 (+0.58%)
  ✅ 沪深300: 4943.02 (+0.48%)
  ✅ 中证500: 8842.94 (+1.78%)

[重点标的]
  ✅ 中证500ETF: 8.98 (+1.93%)
  ✅ 黄金ETF: 8.93 (-0.23%)
  ✅ 科大讯飞: 42.6 (+0.83%)
  ✅ 天山铝业: 11.89 (+0.76%)
  ✅ 紫金矿业: 27.65 (-0.36%)
  ✅ 有色ETF: 1.98 (+0.20%)
  ⚠️ /Users/ninebot/02-sourceCode/gitee/KnowingDoing/review/2026/06/2026-06-24.md 已存在，跳过生成

==================================================
✅ 7 大指数 + 6 重点标的 抓取完成
📝 打开编辑器补充分析
📊 KnowingDoing 市场数据抓取 · 2026-06-25  (腾讯财经)

[指数]
  ✅ 上证指数: 4120.28 (+0.23%)
  ✅ 深证成指: 16344.08 (+1.82%)
  ✅ 创业板指: 4371.99 (+2.84%)
  ✅ 科创50: 2066.33 (+3.87%)
  ✅ 上证50: 2977.57 (+1.14%)
  ✅ 沪深300: 5020.1 (+1.56%)
  ✅ 中证500: 8938.01 (+1.08%)

[重点标的]
  ✅ 中证500ETF: 9.09 (+1.11%)
  ✅ 黄金ETF: 8.69 (-2.71%)
  ✅ 科大讯飞: 41.68 (-2.16%)
  ✅ 天山铝业: 11.62 (-2.27%)
  ✅ 紫金矿业: 25.92 (-6.26%)
  ✅ 有色ETF: 1.92 (-2.93%)
  📝 已生成: /Users/ninebot/02-sourceCode/gitee/KnowingDoing/review/2026/06/2026-06-25.md

==================================================
✅ 7 大指数 + 6 重点标的 抓取完成
📝 打开编辑器补充分析
📊 KnowingDoing 市场数据抓取 · 2026-06-26  (腾讯财经)

[指数]
  ✅ 上证指数: 4027.26 (-2.26%)
  ✅ 深证成指: 15782.22 (-3.44%)
  ✅ 创业板指: 4194.21 (-4.07%)
  ✅ 科创50: 2032.28 (-1.65%)
  ✅ 上证50: 2906.94 (-2.37%)
  ✅ 沪深300: 4868.22 (-3.03%)
  ✅ 中证500: 8703.57 (-2.62%)

[重点标的]
  ✅ 中证500ETF: 8.86 (-2.47%)
  ✅ 黄金ETF: 8.79 (+1.24%)
  ✅ 科大讯飞: 39.12 (-6.14%)
  ✅ 天山铝业: 11.08 (-4.65%)
  ✅ 紫金矿业: 25.1 (-1.72%)
  ✅ 有色ETF: 1.84 (-4.32%)
  ⚠️ /Users/ninebot/02-sourceCode/gitee/KnowingDoing/review/2026/06/2026-06-26.md 已存在，跳过生成

==================================================
✅ 7 大指数 + 6 重点标的 抓取完成
📝 打开编辑器补充分析
📊 KnowingDoing 市场数据抓取 · 2026-06-29  (腾讯财经)

[指数]
  ✅ 上证指数: 4073.9 (+1.16%)
  ✅ 深证成指: 15812.87 (+0.19%)
  ✅ 创业板指: 4216.7 (+0.54%)
  ✅ 科创50: 2126.01 (+4.61%)
  ✅ 上证50: 2991.08 (+2.89%)
  ✅ 沪深300: 4926.92 (+1.21%)
  ✅ 中证500: 8821.09 (+1.35%)

[重点标的]
  ✅ 中证500ETF: 8.97 (+1.28%)
  ✅ 黄金ETF: 8.86 (+0.69%)
  ✅ 科大讯飞: 39.46 (+0.87%)
  ✅ 天山铝业: 11.16 (+0.72%)
  ✅ 紫金矿业: 25.79 (+2.75%)
  ✅ 有色ETF: 1.86 (+1.36%)
  ⚠️ /Users/ninebot/02-sourceCode/gitee/KnowingDoing/review/2026/06/2026-06-29.md 已存在，跳过生成

==================================================
✅ 7 大指数 + 6 重点标的 抓取完成
📝 打开编辑器补充分析
📊 KnowingDoing 市场数据抓取 · 2026-06-30  (腾讯财经)

[指数]
  ✅ 上证指数: 4094.4 (+0.50%)
  ✅ 深证成指: 16205.56 (+2.48%)
  ✅ 创业板指: 4342.71 (+2.99%)
  ✅ 科创50: 2207.86 (+3.85%)
  ✅ 上证50: 2989.4 (-0.06%)
  ✅ 沪深300: 4979.43 (+1.07%)
  ✅ 中证500: 9031.38 (+2.38%)

[重点标的]
  ✅ 中证500ETF: 9.19 (+2.45%)
  ✅ 黄金ETF: 8.78 (-0.86%)
  ✅ 科大讯飞: 40.84 (+3.50%)
  ✅ 天山铝业: 10.73 (-3.85%)
  ✅ 紫金矿业: 25.14 (-2.52%)
  ✅ 有色ETF: 1.85 (-0.54%)
  ⚠️ /Users/ninebot/02-sourceCode/gitee/KnowingDoing/review/2026/06/2026-06-30.md 已存在，跳过生成

==================================================
✅ 7 大指数 + 6 重点标的 抓取完成
📝 打开编辑器补充分析
📊 KnowingDoing 市场数据抓取 · 2026-07-01  (腾讯财经)

[指数]
  ✅ 上证指数: 4112.45 (+0.44%)
  ✅ 深证成指: 16119.17 (-0.53%)
  ✅ 创业板指: 4260.72 (-1.89%)
  ✅ 科创50: 2153.04 (-2.48%)
  ✅ 上证50: 2985.24 (-0.14%)
  ✅ 沪深300: 4958.98 (-0.41%)
  ✅ 中证500: 9028.93 (-0.03%)

[重点标的]
  ✅ 中证500ETF: 9.18 (-0.15%)
  ✅ 黄金ETF: 8.67 (-1.25%)
  ✅ 科大讯飞: 41.03 (+0.47%)
  ✅ 天山铝业: 10.82 (+0.84%)
  ✅ 紫金矿业: 25.11 (-0.12%)
  ✅ 有色ETF: 1.85 (-0.32%)
  ⚠️ /Users/ninebot/02-sourceCode/gitee/KnowingDoing/review/2026/07/2026-07-01.md 已存在，跳过生成

==================================================
✅ 7 大指数 + 6 重点标的 抓取完成
📝 打开编辑器补充分析
📊 KnowingDoing 市场数据抓取 · 2026-07-02  (腾讯财经)

[指数]
  ❌ 上证指数: <urlopen error [Errno 8] nodename nor servname provided, or not known>
  ❌ 深证成指: <urlopen error [Errno 8] nodename nor servname provided, or not known>
  ❌ 创业板指: <urlopen error [Errno 8] nodename nor servname provided, or not known>
  ❌ 科创50: <urlopen error [Errno 8] nodename nor servname provided, or not known>
  ❌ 上证50: <urlopen error [Errno 8] nodename nor servname provided, or not known>
  ❌ 沪深300: <urlopen error [Errno 8] nodename nor servname provided, or not known>
  ❌ 中证500: <urlopen error [Errno 8] nodename nor servname provided, or not known>

[重点标的]
  ❌ 中证500ETF: <urlopen error [Errno 8] nodename nor servname provided, or not known>
  ❌ 黄金ETF: <urlopen error [Errno 8] nodename nor servname provided, or not known>
  ❌ 科大讯飞: <urlopen error [Errno 8] nodename nor servname provided, or not known>
  ❌ 天山铝业: <urlopen error [Errno 8] nodename nor servname provided, or not known>
  ❌ 紫金矿业: <urlopen error [Errno 8] nodename nor servname provided, or not known>
  ❌ 有色ETF: <urlopen error [Errno 8] nodename nor servname provided, or not known>

==================================================
⚠️ 数据获取失败，请检查网络
📊 KnowingDoing 市场数据抓取 · 2026-07-03  (腾讯财经)

[指数]
  ✅ 上证指数: 4043.64 (+0.37%)
  ✅ 深证成指: 15597.51 (+0.64%)
  ✅ 创业板指: 4019.93 (+0.07%)
  ✅ 科创50: 1975.6 (-0.59%)
  ✅ 上证50: 2931.28 (+0.65%)
  ✅ 沪深300: 4842.17 (+0.62%)
  ✅ 中证500: 8745.26 (+0.59%)

[重点标的]
  ✅ 中证500ETF: 8.9 (+0.59%)
  ✅ 黄金ETF: 9.09 (+2.33%)
  ✅ 科大讯飞: 41.51 (+1.05%)
  ✅ 天山铝业: 11.37 (+4.03%)
  ✅ 紫金矿业: 27.82 (+5.78%)
  ✅ 有色ETF: 1.89 (+0.64%)
  ⚠️ /Users/ninebot/02-sourceCode/gitee/KnowingDoing/review/2026/07/2026-07-03.md 已存在，跳过生成

==================================================
✅ 7 大指数 + 6 重点标的 抓取完成
📝 打开编辑器补充分析
📊 KnowingDoing 市场数据抓取 · 2026-07-06  (腾讯财经)

[指数]
  ✅ 上证指数: 4041.24 (-0.06%)
  ✅ 深证成指: 15416.8 (-1.16%)
  ✅ 创业板指: 3948.86 (-1.77%)
  ✅ 科创50: 1996.1 (+1.04%)
  ✅ 上证50: 2957.97 (+0.91%)
  ✅ 沪深300: 4842.0 (-0.00%)
  ✅ 中证500: 8651.13 (-1.08%)

[重点标的]
  ✅ 中证500ETF: 8.81 (-1.02%)
  ✅ 黄金ETF: 9.05 (-0.45%)
  ✅ 科大讯飞: 40.65 (-2.07%)
  ✅ 天山铝业: 11.61 (+2.11%)
  ✅ 紫金矿业: 28.28 (+1.65%)
  ✅ 有色ETF: 1.86 (-1.43%)
  ⚠️ /Users/ninebot/02-sourceCode/gitee/KnowingDoing/review/2026/07/2026-07-06.md 已存在，跳过生成

==================================================
✅ 7 大指数 + 6 重点标的 抓取完成
📝 打开编辑器补充分析
📊 KnowingDoing 市场数据抓取 · 2026-07-07  (腾讯财经)

[指数]
  ✅ 上证指数: 3990.24 (-1.26%)
  ✅ 深证成指: 15225.11 (-1.24%)
  ✅ 创业板指: 3911.91 (-0.94%)
  ✅ 科创50: 2001.59 (+0.28%)
  ✅ 上证50: 2921.89 (-1.22%)
  ✅ 沪深300: 4792.26 (-1.03%)
  ✅ 中证500: 8508.79 (-1.65%)

[重点标的]
  ✅ 中证500ETF: 8.66 (-1.74%)
  ✅ 黄金ETF: 9.01 (-0.39%)
  ✅ 科大讯飞: 39.95 (-1.72%)
  ✅ 天山铝业: 11.36 (-2.15%)
  ✅ 紫金矿业: 27.62 (-2.33%)
  ✅ 有色ETF: 1.8 (-3.32%)
  ⚠️ /Users/ninebot/02-sourceCode/gitee/KnowingDoing/review/2026/07/2026-07-07.md 已存在，跳过生成

==================================================
✅ 7 大指数 + 6 重点标的 抓取完成
📝 打开编辑器补充分析
