# 持仓标的均线偏离度 · 全景诊断

> 三维指标：**偏离方向**（价格 vs MA5）· **持续时间**（连续偏向天数 + 趋势）· **价格位置**（MA20/MA60/高低点/量能）

## 一、三维指标全景

| 标的 | 现价 | 偏离度 | 方向信号 | 连续偏向 | 偏离趋势 | MA5/MA20 | 中期背景 | 距20低 | 量能 |
|------|:----:|:------:|------|------|------|------|------|:--:|:--:|
  📡 中证500ETF ... ✅ 8.99  dev5=+1.2%
| 中证500ETF | 8.99 | +1.23% | 🟢 贴合·均衡 | 🟢 连涨 1 日 | → 持平 | 金叉 ▲ | 中期多头 | +12.61% | 0.86x |
  📡 黄金基金 ... ✅ 8.93  dev5=-2.4%
| 黄金基金 | 8.93 | -2.40% | 🟡 负偏·偏冷 | 🔴 连跌 3 日 + 偏离扩大 | 📈 扩大 +2.3pp | 死叉 ▼ | 中期空头 | +1.14% | 0.91x |
  📡 科大讯飞 ... ✅ 42.6  dev5=+0.0%
| 科大讯飞 | 42.6 | +0.03% | 🟢 贴合·均衡 | 🟢 连涨 1 日但偏离收窄 | 📉 收窄 -3.0pp | 死叉 ▼ | 中期空头 | +5.86% | 0.93x |
  📡 天山铝业 ... ✅ 11.89  dev5=-2.8%
| 天山铝业 | 11.89 | -2.84% | 🟡 负偏·偏冷 | 🟡 连跌 2 日但偏离收窄 | 📉 收窄 -2.6pp | 死叉 ▼ | 中期空头 | +2.15% | 1.03x |
  📡 紫金矿业 ... ✅ 27.65  dev5=-5.3%
| 紫金矿业 | 27.65 | -5.28% | 🔵 负偏·冰点 | 🔴 连跌 2 日 + 偏离扩大 | 📈 扩大 +1.0pp | 死叉 ▼ | 中期空头 | +3.17% | 1.09x |
  📡 有色ETF ... ✅ 1.98  dev5=-3.0%
| 有色ETF | 1.98 | -3.00% | 🟡 负偏·偏冷 | 🟡 连跌 2 日但偏离收窄 | 📉 收窄 -2.6pp | 金叉 ▲ | 中期空头 | +10.49% | 1.24x |
  📡 卫星ETF ... ✅ 1.33  dev5=-1.4%
| 卫星ETF | 1.33 | -1.45% | 🟢 贴合·均衡 | 🔴 连跌 2 日 + 偏离扩大 | 📈 扩大 +0.5pp | 死叉 ▼ | 中期空头 | +3.66% | 0.89x |

## 二、均线与关键价位

| 标的 | MA5 | MA20 | MA60 | 偏离20 | 偏离60 | 20日高 | 20日低 | 关键支撑 |
|------|:---:|:----:|:----:|:-----:|:-----:|:-----:|:-----:|------|
| 中证500ETF | 8.881 | 8.509 | 8.387 | +5.7% | +7.2% | 9.028 | 7.983 | 8.79 |
| 黄金基金 | 9.149 | 9.426 | 9.976 | -5.3% | -10.5% | 9.886 | 8.829 | 9.09 |
| 科大讯飞 | 42.586 | 44.592 | 46.929 | -4.5% | -9.2% | 50.99 | 40.24 | 43.0 |
| 天山铝业 | 12.238 | 13.69 | 15.931 | -13.2% | -25.4% | 16.41 | 11.64 | 12.05 |
| 紫金矿业 | 29.192 | 29.699 | 32.189 | -6.9% | -14.1% | 32.89 | 26.8 | 29.21 |
| 有色ETF | 2.041 | 1.978 | 2.05 | +0.1% | -3.4% | 2.162 | 1.792 | 2.06 |
| 卫星ETF | 1.35 | 1.358 | 1.444 | -2.1% | -7.9% | 1.481 | 1.283 | 1.35 |

## 三、综合操作建议


### 📋 常规操作

- **🟢 持有** — 中证500ETF：价格健康，均线多头排列，无操作
- **🟢 观察** — 黄金基金：无明显信号，按兵不动
- **🟢 观察** — 科大讯飞：无明显信号，按兵不动
- **🟢 观察** — 天山铝业：无明显信号，按兵不动
- **🟢 观察** — 紫金矿业：无明显信号，按兵不动
- **🟢 观察** — 有色ETF：无明显信号，按兵不动
- **🟢 观察** — 卫星ETF：无明显信号，按兵不动

---

### 📖 指标说明

| 指标 | 含义 |
|------|------|
| **偏离度** | (现价 − MA5) ÷ MA5 × 100%，正=价格高于均线，负=低于均线 |
| **连续偏向** | 收盘价连续在 MA5 上方(正)或下方(负)的交易日数 |
| **偏离趋势** | 最近 3 个交易日偏离度的变化方向：扩大=加速，收窄=减速 |
| **金叉/死叉** | MA5 上穿/下穿 MA20，金叉=短期走强，死叉=短期走弱 |
| **中期背景** | MA20 vs MA60 的位置关系，决定大方向是多是空 |
| **距20低/高** | 当前价距 20 日最低/最高点的百分比，衡量短期位置 |
| **量能** | 5日均量 ÷ 20日均量：>1.5 放量，<0.6 缩量 |

> 📎 详细纪律：见 [`docs/ma5-deviation-discipline.md`](../docs/ma5-deviation-discipline.md)
# 持仓标的均线偏离度 · 全景诊断

> 三维指标：**偏离方向**（价格 vs MA5）· **持续时间**（连续偏向天数 + 趋势）· **价格位置**（MA20/MA60/高低点/量能）

## 一、三维指标全景

| 标的 | 现价 | 偏离度 | 方向信号 | 连续偏向 | 偏离趋势 | MA5/MA20 | 中期背景 | 距20低 | 量能 |
|------|:----:|:------:|------|------|------|------|------|:--:|:--:|
  📡 中证500ETF ... ✅ 9.09  dev5=+1.6%
| 中证500ETF | 9.09 | +1.62% | 🟢 贴合·均衡 | 🟢 连涨 2 日 | → 持平 | 金叉 ▲ | 中期多头 | +13.87% | 0.88x |
  📡 黄金基金 ... ✅ 8.69  dev5=-3.5%
| 黄金基金 | 8.69 | -3.54% | 🟡 负偏·偏冷 | 🔴 连跌 3 日 + 偏离扩大 | 📈 扩大 +2.9pp | 死叉 ▼ | 中期空头 | +0.23% | 0.95x |
  📡 科大讯飞 ... ✅ 41.68  dev5=-2.2%
| 科大讯飞 | 41.68 | -2.17% | 🟡 负偏·偏冷 | 🔴 连跌 3 日 + 偏离扩大 | 📈 扩大 +1.3pp | 死叉 ▼ | 中期空头 | +3.58% | 0.99x |
  📡 天山铝业 ... ✅ 11.62  dev5=-3.6%
| 天山铝业 | 11.62 | -3.58% | 🟡 负偏·偏冷 | 🔴 连跌 3 日 + 偏离扩大 | 📈 扩大 +1.5pp | 死叉 ▼ | 中期空头 | +3.2% | 1.06x |
  📡 紫金矿业 ... ✅ 25.92  dev5=-8.4%
| 紫金矿业 | 25.92 | -8.38% | 🔵 负偏·冰点 | 🔴 连跌 3 日 + 偏离扩大 | 📈 扩大 +6.5pp | 死叉 ▼ | 中期空头 | +0.74% | 1.25x |
  📡 有色ETF ... ✅ 1.92  dev5=-4.8%
| 有色ETF | 1.92 | -4.77% | 🟡 负偏·偏冷 | 🔴 连跌 3 日 + 偏离扩大 | 📈 扩大 +2.8pp | 金叉 ▲ | 中期空头 | +7.14% | 1.24x |
  📡 卫星ETF ... ✅ 1.339  dev5=-0.4%
| 卫星ETF | 1.339 | -0.40% | 🟢 贴合·均衡 | 🟡 连跌 3 日但偏离收窄 | 📉 收窄 -2.4pp | 死叉 ▼ | 中期空头 | +4.36% | 0.9x |

## 二、均线与关键价位

| 标的 | MA5 | MA20 | MA60 | 偏离20 | 偏离60 | 20日高 | 20日低 | 关键支撑 |
|------|:---:|:----:|:----:|:-----:|:-----:|:-----:|:-----:|------|
| 中证500ETF | 8.945 | 8.533 | 8.411 | +6.5% | +8.1% | 9.09 | 7.983 | 8.79 |
| 黄金基金 | 9.009 | 9.371 | 9.956 | -7.3% | -12.7% | 9.87 | 8.67 | 9.09 |
| 科大讯飞 | 42.604 | 44.164 | 46.848 | -5.6% | -11.0% | 50.45 | 40.24 | 43.0 |
| 天山铝业 | 12.052 | 13.491 | 15.865 | -13.9% | -26.8% | 15.83 | 11.26 | 12.05 |
| 紫金矿业 | 28.29 | 29.414 | 32.087 | -11.9% | -19.2% | 31.82 | 25.73 | 29.21 |
| 有色ETF | 2.016 | 1.974 | 2.05 | -2.7% | -6.4% | 2.162 | 1.792 | 2.06 |
| 卫星ETF | 1.344 | 1.354 | 1.444 | -1.1% | -7.2% | 1.453 | 1.283 | 1.35 |

## 三、综合操作建议

### ⚡ 紧急操作

- **🔴 减至观察仓** — 黄金基金：贴近 20 日低，一旦跌破将加速，减至 1/4
- **🔴 清仓** — 紫金矿业：极端超跌且加速中，不等反弹直接清仓

### 📋 常规操作

- **🟢 持有** — 中证500ETF：价格健康，均线多头排列，无操作
- **🟢 观察** — 科大讯飞：无明显信号，按兵不动
- **🟢 观察** — 天山铝业：无明显信号，按兵不动
- **🟢 观察** — 有色ETF：无明显信号，按兵不动
- **🟢 观察** — 卫星ETF：无明显信号，按兵不动

---

### 📖 指标说明

| 指标 | 含义 |
|------|------|
| **偏离度** | (现价 − MA5) ÷ MA5 × 100%，正=价格高于均线，负=低于均线 |
| **连续偏向** | 收盘价连续在 MA5 上方(正)或下方(负)的交易日数 |
| **偏离趋势** | 最近 3 个交易日偏离度的变化方向：扩大=加速，收窄=减速 |
| **金叉/死叉** | MA5 上穿/下穿 MA20，金叉=短期走强，死叉=短期走弱 |
| **中期背景** | MA20 vs MA60 的位置关系，决定大方向是多是空 |
| **距20低/高** | 当前价距 20 日最低/最高点的百分比，衡量短期位置 |
| **量能** | 5日均量 ÷ 20日均量：>1.5 放量，<0.6 缩量 |

> 📎 详细纪律：见 [`docs/ma5-deviation-discipline.md`](../docs/ma5-deviation-discipline.md)
# 持仓标的均线偏离度 · 全景诊断

> 三维指标：**偏离方向**（价格 vs MA5）· **持续时间**（连续偏向天数 + 趋势）· **价格位置**（MA20/MA60/高低点/量能）

## 一、三维指标全景

| 标的 | 现价 | 偏离度 | 方向信号 | 连续偏向 | 偏离趋势 | MA5/MA20 | 中期背景 | 距20低 | 量能 |
|------|:----:|:------:|------|------|------|------|------|:--:|:--:|
  📡 中证500ETF ... ✅ 8.86  dev5=-1.0%
| 中证500ETF | 8.86 | -1.01% | 🟢 贴合·均衡 | 🔴 连跌 1 日 + 偏离扩大 | 📈 扩大 +0.6pp | 金叉 ▲ | 中期多头 | +10.99% | 0.92x |
  📡 黄金基金 ... ✅ 8.8  dev5=-1.1%
| 黄金基金 | 8.8 | -1.13% | 🟢 贴合·均衡 | 🔴 连跌 2 日 + 偏离扩大 | 📈 扩大 +0.8pp | 死叉 ▼ | 中期空头 | +1.53% | 0.94x |
  📡 科大讯飞 ... ✅ 39.12  dev5=-6.7%
| 科大讯飞 | 39.12 | -6.65% | 🔵 负偏·冰点 | 🔴 连跌 2 日 + 偏离扩大 | 📈 扩大 +5.0pp | 死叉 ▼ | 中期空头 | +0.08% | 1.0x |
  📡 天山铝业 ... ✅ 11.08  dev5=-6.6%
| 天山铝业 | 11.08 | -6.56% | 🔵 负偏·冰点 | 🔴 连跌 2 日 + 偏离扩大 | 📈 扩大 +6.3pp | 死叉 ▼ | 中期空头 | +1.19% | 1.03x |
  📡 紫金矿业 ... ✅ 25.1  dev5=-7.3%
| 紫金矿业 | 25.1 | -7.27% | 🔵 负偏·冰点 | 🔴 连跌 2 日 + 偏离扩大 | 📈 扩大 +6.5pp | 死叉 ▼ | 中期空头 | +0.97% | 1.23x |
  📡 有色ETF ... ✅ 1.84  dev5=-6.8%
| 有色ETF | 1.84 | -6.82% | 🔵 负偏·冰点 | 🔴 连跌 2 日 + 偏离扩大 | 📈 扩大 +6.5pp | 金叉 ▲ | 中期空头 | +2.68% | 1.22x |
  📡 卫星ETF ... ✅ 1.348  dev5=+0.8%
| 卫星ETF | 1.348 | +0.81% | 🟢 贴合·均衡 | 🟢 连涨 2 日 | → 持平 | 死叉 ▼ | 中期空头 | +5.07% | 0.92x |

## 二、均线与关键价位

| 标的 | MA5 | MA20 | MA60 | 偏离20 | 偏离60 | 20日高 | 20日低 | 关键支撑 |
|------|:---:|:----:|:----:|:-----:|:-----:|:-----:|:-----:|------|
| 中证500ETF | 8.95 | 8.543 | 8.428 | +3.7% | +5.1% | 9.087 | 7.983 | 8.79 |
| 黄金基金 | 8.9 | 9.332 | 9.937 | -5.7% | -11.4% | 9.87 | 8.667 | 9.09 |
| 科大讯飞 | 41.906 | 43.663 | 46.721 | -10.4% | -16.3% | 50.45 | 39.09 | 43.0 |
| 天山铝业 | 11.858 | 13.292 | 15.785 | -16.6% | -29.8% | 15.83 | 10.95 | 12.05 |
| 紫金矿业 | 27.068 | 28.773 | 31.59 | -12.8% | -20.5% | 31.44 | 24.86 | 29.21 |
| 有色ETF | 1.975 | 1.966 | 2.048 | -6.4% | -10.2% | 2.162 | 1.792 | 2.06 |
| 卫星ETF | 1.337 | 1.349 | 1.443 | -0.1% | -6.6% | 1.443 | 1.283 | 1.35 |

## 三、综合操作建议


### 📋 常规操作

- **🟢 持有** — 中证500ETF：价格健康，均线多头排列，无操作
- **🟢 观察** — 黄金基金：无明显信号，按兵不动
- **🟢 观察** — 科大讯飞：无明显信号，按兵不动
- **🟢 观察** — 天山铝业：无明显信号，按兵不动
- **🟢 观察** — 紫金矿业：无明显信号，按兵不动
- **🟢 观察** — 有色ETF：无明显信号，按兵不动
- **🟢 观察** — 卫星ETF：无明显信号，按兵不动

---

### 📖 指标说明

| 指标 | 含义 |
|------|------|
| **偏离度** | (现价 − MA5) ÷ MA5 × 100%，正=价格高于均线，负=低于均线 |
| **连续偏向** | 收盘价连续在 MA5 上方(正)或下方(负)的交易日数 |
| **偏离趋势** | 最近 3 个交易日偏离度的变化方向：扩大=加速，收窄=减速 |
| **金叉/死叉** | MA5 上穿/下穿 MA20，金叉=短期走强，死叉=短期走弱 |
| **中期背景** | MA20 vs MA60 的位置关系，决定大方向是多是空 |
| **距20低/高** | 当前价距 20 日最低/最高点的百分比，衡量短期位置 |
| **量能** | 5日均量 ÷ 20日均量：>1.5 放量，<0.6 缩量 |

> 📎 详细纪律：见 [`docs/ma5-deviation-discipline.md`](../docs/ma5-deviation-discipline.md)
# 持仓标的均线偏离度 · 全景诊断

> 三维指标：**偏离方向**（价格 vs MA5）· **持续时间**（连续偏向天数 + 趋势）· **价格位置**（MA20/MA60/高低点/量能）

## 一、三维指标全景

| 标的 | 现价 | 偏离度 | 方向信号 | 连续偏向 | 偏离趋势 | MA5/MA20 | 中期背景 | 距20低 | 量能 |
|------|:----:|:------:|------|------|------|------|------|:--:|:--:|
  📡 中证500ETF ... ✅ 8.97  dev5=+0.3%
| 中证500ETF | 8.97 | +0.30% | 🟢 贴合·均衡 | 🟢 连涨 1 日但偏离收窄 | 📉 收窄 -1.3pp | 金叉 ▲ | 中期多头 | +12.36% | 0.88x |
  📡 黄金基金 ... ✅ 8.86  dev5=+0.2%
| 黄金基金 | 8.86 | +0.18% | 🟢 贴合·均衡 | 🟢 连涨 1 日但偏离收窄 | 📉 收窄 -1.6pp | 死叉 ▼ | 中期空头 | +2.23% | 0.92x |
  📡 科大讯飞 ... ✅ 39.46  dev5=-3.8%
| 科大讯飞 | 39.46 | -3.81% | 🟡 负偏·偏冷 | 🔴 连跌 2 日 + 偏离扩大 | 📈 扩大 +2.2pp | 死叉 ▼ | 中期空头 | +1.0% | 0.92x |
  📡 天山铝业 ... ✅ 11.16  dev5=-3.0%
| 天山铝业 | 11.16 | -3.04% | 🟡 负偏·偏冷 | 🔴 连跌 2 日 + 偏离扩大 | 📈 扩大 +2.1pp | 死叉 ▼ | 中期空头 | +3.81% | 0.97x |
  📡 紫金矿业 ... ✅ 25.79  dev5=-1.6%
| 紫金矿业 | 25.79 | -1.62% | 🟢 贴合·均衡 | 🟡 连跌 3 日但偏离收窄 | 📉 收窄 -1.0pp | 死叉 ▼ | 中期空头 | +3.74% | 1.18x |
  📡 有色ETF ... ✅ 1.86  dev5=-2.9%
| 有色ETF | 1.86 | -2.89% | 🟡 负偏·偏冷 | 🔴 连跌 2 日 + 偏离扩大 | 📈 扩大 +2.5pp | 死叉 ▼ | 中期空头 | +3.79% | 1.13x |
  📡 卫星ETF ... ✅ 1.341  dev5=+0.6%
| 卫星ETF | 1.341 | +0.60% | 🟢 贴合·均衡 | 🟢 连涨 3 日 | → 持平 | 死叉 ▼ | 中期空头 | +4.52% | 0.86x |

## 二、均线与关键价位

| 标的 | MA5 | MA20 | MA60 | 偏离20 | 偏离60 | 20日高 | 20日低 | 关键支撑 |
|------|:---:|:----:|:----:|:-----:|:-----:|:-----:|:-----:|------|
| 中证500ETF | 8.943 | 8.57 | 8.447 | +4.7% | +6.2% | 9.087 | 7.983 | 8.79 |
| 黄金基金 | 8.844 | 9.282 | 9.916 | -4.5% | -10.7% | 9.87 | 8.667 | 9.09 |
| 科大讯飞 | 41.022 | 43.242 | 46.605 | -8.8% | -15.3% | 49.87 | 39.07 | 43.0 |
| 天山铝业 | 11.51 | 13.103 | 15.68 | -14.8% | -28.8% | 15.83 | 10.75 | 12.05 |
| 紫金矿业 | 26.214 | 28.559 | 31.48 | -9.7% | -18.1% | 31.44 | 24.86 | 29.21 |
| 有色ETF | 1.915 | 1.961 | 2.046 | -5.2% | -9.1% | 2.162 | 1.792 | 2.06 |
| 卫星ETF | 1.333 | 1.348 | 1.442 | -0.5% | -7.0% | 1.406 | 1.283 | 1.35 |

## 三、综合操作建议


### 📋 常规操作

- **🟢 持有** — 中证500ETF：价格健康，均线多头排列，无操作
- **🟢 观察** — 黄金基金：无明显信号，按兵不动
- **🟢 观察** — 科大讯飞：无明显信号，按兵不动
- **🟢 观察** — 天山铝业：无明显信号，按兵不动
- **🟢 观察** — 紫金矿业：无明显信号，按兵不动
- **🟢 观察** — 有色ETF：无明显信号，按兵不动
- **🟢 观察** — 卫星ETF：无明显信号，按兵不动

---

### 📖 指标说明

| 指标 | 含义 |
|------|------|
| **偏离度** | (现价 − MA5) ÷ MA5 × 100%，正=价格高于均线，负=低于均线 |
| **连续偏向** | 收盘价连续在 MA5 上方(正)或下方(负)的交易日数 |
| **偏离趋势** | 最近 3 个交易日偏离度的变化方向：扩大=加速，收窄=减速 |
| **金叉/死叉** | MA5 上穿/下穿 MA20，金叉=短期走强，死叉=短期走弱 |
| **中期背景** | MA20 vs MA60 的位置关系，决定大方向是多是空 |
| **距20低/高** | 当前价距 20 日最低/最高点的百分比，衡量短期位置 |
| **量能** | 5日均量 ÷ 20日均量：>1.5 放量，<0.6 缩量 |

> 📎 详细纪律：见 [`docs/ma5-deviation-discipline.md`](../docs/ma5-deviation-discipline.md)
# 持仓标的均线偏离度 · 全景诊断

> 三维指标：**偏离方向**（价格 vs MA5）· **持续时间**（连续偏向天数 + 趋势）· **价格位置**（MA20/MA60/高低点/量能）

## 一、三维指标全景

| 标的 | 现价 | 偏离度 | 方向信号 | 连续偏向 | 偏离趋势 | MA5/MA20 | 中期背景 | 距20低 | 量能 |
|------|:----:|:------:|------|------|------|------|------|:--:|:--:|
  📡 中证500ETF ... ✅ 9.19  dev5=+1.9%
| 中证500ETF | 9.19 | +1.90% | 🟢 贴合·均衡 | 🟢 连涨 1 日 | → 持平 | 金叉 ▲ | 中期多头 | +15.12% | 0.77x |
  📡 黄金基金 ... ✅ 8.78  dev5=-0.3%
| 黄金基金 | 8.78 | -0.33% | 🟢 贴合·均衡 | 🟡 连跌 1 日 | → 持平 | 死叉 ▼ | 中期空头 | +1.86% | 0.86x |
  📡 科大讯飞 ... ✅ 40.84  dev5=+0.2%
| 科大讯飞 | 40.84 | +0.25% | 🟢 贴合·均衡 | 🟢 连涨 1 日但偏离收窄 | 📉 收窄 -3.7pp | 死叉 ▼ | 中期空头 | +4.53% | 0.92x |
  📡 天山铝业 ... ✅ 10.73  dev5=-5.0%
| 天山铝业 | 10.73 | -5.01% | 🔵 负偏·冰点 | 🔴 连跌 3 日 + 偏离扩大 | 📈 扩大 +3.1pp | 死叉 ▼ | 中期空头 | +2.0% | 0.91x |
  📡 紫金矿业 ... ✅ 25.14  dev5=-2.4%
| 紫金矿业 | 25.14 | -2.44% | 🟡 负偏·偏冷 | 🟡 连跌 1 日 | → 持平 | 死叉 ▼ | 中期空头 | +1.78% | 1.05x |
  📡 有色ETF ... ✅ 1.85  dev5=-2.2%
| 有色ETF | 1.85 | -2.17% | 🟡 负偏·偏冷 | 🟡 连跌 3 日但偏离收窄 | 📉 收窄 -0.6pp | 死叉 ▼ | 中期空头 | +3.24% | 0.95x |
  📡 卫星ETF ... ✅ 1.398  dev5=+3.5%
| 卫星ETF | 1.398 | +3.46% | 🟡 正偏·偏热 | 🟡 连涨 1 日 + 偏离扩大 | 📈 扩大 +3.2pp | 死叉 ▼ | 中期空头 | +8.96% | 0.9x |

## 二、均线与关键价位

| 标的 | MA5 | MA20 | MA60 | 偏离20 | 偏离60 | 20日高 | 20日低 | 关键支撑 |
|------|:---:|:----:|:----:|:-----:|:-----:|:-----:|:-----:|------|
| 中证500ETF | 9.019 | 8.611 | 8.472 | +6.7% | +8.5% | 9.2 | 7.983 | 8.79 |
| 黄金基金 | 8.809 | 9.231 | 9.892 | -4.9% | -11.2% | 9.87 | 8.62 | 9.09 |
| 科大讯飞 | 40.74 | 42.827 | 46.516 | -4.6% | -12.2% | 49.45 | 39.07 | 43.0 |
| 天山铝业 | 11.296 | 12.892 | 15.567 | -16.8% | -31.1% | 15.83 | 10.52 | 12.05 |
| 紫金矿业 | 25.768 | 28.325 | 31.36 | -11.2% | -19.8% | 31.44 | 24.7 | 29.21 |
| 有色ETF | 1.891 | 1.956 | 2.044 | -5.4% | -9.5% | 2.162 | 1.792 | 2.06 |
| 卫星ETF | 1.351 | 1.351 | 1.442 | +3.5% | -3.1% | 1.406 | 1.283 | 1.35 |

## 三、综合操作建议


### 📋 常规操作

- **🟢 持有** — 中证500ETF：价格健康，均线多头排列，无操作
- **🟢 观察** — 黄金基金：无明显信号，按兵不动
- **🟢 观察** — 科大讯飞：无明显信号，按兵不动
- **🟡 反弹减仓** — 天山铝业：连跌 3 日偏离 -5.01%，反弹至 MA5 附近减 1/2
- **🟢 观察** — 紫金矿业：无明显信号，按兵不动
- **🟢 观察** — 有色ETF：无明显信号，按兵不动
- **🟡 减仓 1/3** — 卫星ETF：接近近期高点 + 偏离偏大，减 1/3 降风险

---

### 📖 指标说明

| 指标 | 含义 |
|------|------|
| **偏离度** | (现价 − MA5) ÷ MA5 × 100%，正=价格高于均线，负=低于均线 |
| **连续偏向** | 收盘价连续在 MA5 上方(正)或下方(负)的交易日数 |
| **偏离趋势** | 最近 3 个交易日偏离度的变化方向：扩大=加速，收窄=减速 |
| **金叉/死叉** | MA5 上穿/下穿 MA20，金叉=短期走强，死叉=短期走弱 |
| **中期背景** | MA20 vs MA60 的位置关系，决定大方向是多是空 |
| **距20低/高** | 当前价距 20 日最低/最高点的百分比，衡量短期位置 |
| **量能** | 5日均量 ÷ 20日均量：>1.5 放量，<0.6 缩量 |

> 📎 详细纪律：见 [`docs/ma5-deviation-discipline.md`](../docs/ma5-deviation-discipline.md)
# 持仓标的均线偏离度 · 全景诊断

> 三维指标：**偏离方向**（价格 vs MA5）· **持续时间**（连续偏向天数 + 趋势）· **价格位置**（MA20/MA60/高低点/量能）

## 一、三维指标全景

| 标的 | 现价 | 偏离度 | 方向信号 | 连续偏向 | 偏离趋势 | MA5/MA20 | 中期背景 | 距20低 | 量能 |
|------|:----:|:------:|------|------|------|------|------|:--:|:--:|
  📡 中证500ETF ... ✅ 9.18  dev5=+1.3%
| 中证500ETF | 9.18 | +1.34% | 🟢 贴合·均衡 | 🟡 连涨 2 日 + 偏离扩大 | 📈 扩大 +0.4pp | 金叉 ▲ | 中期多头 | +14.99% | 0.78x |
  📡 黄金基金 ... ✅ 8.67  dev5=-1.0%
| 黄金基金 | 8.67 | -1.00% | 🟢 贴合·均衡 | 🟡 连跌 1 日 | → 持平 | 死叉 ▼ | 中期空头 | +0.56% | 0.78x |
  📡 科大讯飞 ... ✅ 41.03  dev5=+1.5%
| 科大讯飞 | 41.03 | +1.49% | 🟢 贴合·均衡 | 🟢 连涨 2 日但偏离收窄 | 📉 收窄 -0.9pp | 死叉 ▼ | 中期空头 | +5.02% | 0.94x |
  📡 天山铝业 ... ✅ 10.82  dev5=-2.4%
| 天山铝业 | 10.82 | -2.36% | 🟡 负偏·偏冷 | 🔴 连跌 2 日 + 偏离扩大 | 📈 扩大 +1.7pp | 死叉 ▼ | 中期空头 | +2.85% | 0.94x |
  📡 紫金矿业 ... ✅ 25.11  dev5=-0.9%
| 紫金矿业 | 25.11 | -0.89% | 🟢 贴合·均衡 | 🟡 连跌 2 日但偏离收窄 | 📉 收窄 -0.9pp | 死叉 ▼ | 中期空头 | +2.83% | 1.08x |
  📡 有色ETF ... ✅ 1.85  dev5=-0.8%
| 有色ETF | 1.85 | -0.85% | 🟢 贴合·均衡 | 🔴 连跌 4 日 + 偏离扩大 | 📈 扩大 +0.8pp | 死叉 ▼ | 中期空头 | +3.24% | 0.86x |
  📡 卫星ETF ... ✅ 1.404  dev5=+2.8%
| 卫星ETF | 1.404 | +2.78% | 🟡 正偏·偏热 | 🟡 连涨 2 日 + 偏离扩大 | 📈 扩大 +1.0pp | 金叉 ▲ | 中期空头 | +9.18% | 0.96x |

## 二、均线与关键价位

| 标的 | MA5 | MA20 | MA60 | 偏离20 | 偏离60 | 20日高 | 20日低 | 关键支撑 |
|------|:---:|:----:|:----:|:-----:|:-----:|:-----:|:-----:|------|
| 中证500ETF | 9.059 | 8.65 | 8.495 | +6.1% | +8.1% | 9.31 | 7.983 | 8.79 |
| 黄金基金 | 8.758 | 9.171 | 9.862 | -5.5% | -12.1% | 9.78 | 8.622 | 9.09 |
| 科大讯飞 | 40.426 | 42.465 | 46.416 | -3.4% | -11.6% | 48.62 | 39.07 | 43.0 |
| 天山铝业 | 11.082 | 12.663 | 15.453 | -14.6% | -30.0% | 15.83 | 10.52 | 12.05 |
| 紫金矿业 | 25.336 | 28.021 | 31.215 | -10.4% | -19.6% | 31.44 | 24.42 | 29.21 |
| 有色ETF | 1.866 | 1.948 | 2.041 | -5.0% | -9.3% | 2.162 | 1.792 | 2.06 |
| 卫星ETF | 1.366 | 1.355 | 1.443 | +3.6% | -2.7% | 1.425 | 1.286 | 1.35 |

## 三、综合操作建议


### 📋 常规操作

- **🟢 持有** — 中证500ETF：价格健康，均线多头排列，无操作
- **🟢 观察** — 黄金基金：无明显信号，按兵不动
- **🟢 观察** — 科大讯飞：无明显信号，按兵不动
- **🟢 观察** — 天山铝业：无明显信号，按兵不动
- **🟢 观察** — 紫金矿业：无明显信号，按兵不动
- **🟢 观察** — 有色ETF：无明显信号，按兵不动
- **🟢 观察** — 卫星ETF：无明显信号，按兵不动

---

### 📖 指标说明

| 指标 | 含义 |
|------|------|
| **偏离度** | (现价 − MA5) ÷ MA5 × 100%，正=价格高于均线，负=低于均线 |
| **连续偏向** | 收盘价连续在 MA5 上方(正)或下方(负)的交易日数 |
| **偏离趋势** | 最近 3 个交易日偏离度的变化方向：扩大=加速，收窄=减速 |
| **金叉/死叉** | MA5 上穿/下穿 MA20，金叉=短期走强，死叉=短期走弱 |
| **中期背景** | MA20 vs MA60 的位置关系，决定大方向是多是空 |
| **距20低/高** | 当前价距 20 日最低/最高点的百分比，衡量短期位置 |
| **量能** | 5日均量 ÷ 20日均量：>1.5 放量，<0.6 缩量 |

> 📎 详细纪律：见 [`docs/ma5-deviation-discipline.md`](../docs/ma5-deviation-discipline.md)
# 持仓标的均线偏离度 · 全景诊断

> 三维指标：**偏离方向**（价格 vs MA5）· **持续时间**（连续偏向天数 + 趋势）· **价格位置**（MA20/MA60/高低点/量能）

## 一、三维指标全景

| 标的 | 现价 | 偏离度 | 方向信号 | 连续偏向 | 偏离趋势 | MA5/MA20 | 中期背景 | 距20低 | 量能 |
|------|:----:|:------:|------|------|------|------|------|:--:|:--:|
  📡 中证500ETF ... ✅ 8.85  dev5=-1.8%
| 中证500ETF | 8.85 | -1.80% | 🟢 贴合·均衡 | 🟡 连跌 1 日 | → 持平 | 金叉 ▲ | 中期多头 | +10.86% | 0.9x |
  📡 黄金基金 ... ✅ 8.88  dev5=+0.9%
| 黄金基金 | 8.88 | +0.95% | 🟢 贴合·均衡 | 🟡 连涨 1 日 + 偏离扩大 | 📈 扩大 +0.8pp | 死叉 ▼ | 中期空头 | +2.99% | 0.73x |
  📡 科大讯飞 ... ✅ 41.08  dev5=+1.9%
| 科大讯飞 | 41.08 | +1.92% | 🟢 贴合·均衡 | 🟡 连涨 3 日 + 偏离扩大 | 📈 扩大 +0.6pp | 死叉 ▼ | 中期空头 | +5.14% | 0.98x |
  📡 天山铝业 ... ✅ 10.93  dev5=-0.1%
| 天山铝业 | 10.93 | -0.13% | 🟢 贴合·均衡 | 🟡 连跌 3 日但偏离收窄 | 📉 收窄 -1.8pp | 死叉 ▼ | 中期空头 | +3.9% | 0.91x |
  📡 紫金矿业 ... ✅ 26.3  dev5=+3.2%
| 紫金矿业 | 26.3 | +3.19% | 🟡 正偏·偏热 | 🟡 连涨 1 日 + 偏离扩大 | 📈 扩大 +1.8pp | 死叉 ▼ | 中期空头 | +7.7% | 1.01x |
  📡 有色ETF ... ✅ 1.88  dev5=+1.2%
| 有色ETF | 1.88 | +1.24% | 🟢 贴合·均衡 | 🟡 连涨 1 日 + 偏离扩大 | 📈 扩大 +1.1pp | 死叉 ▼ | 中期空头 | +4.91% | 0.85x |
  📡 卫星ETF ... ✅ 1.35  dev5=-1.3%
| 卫星ETF | 1.35 | -1.33% | 🟢 贴合·均衡 | 🟡 连跌 1 日但偏离收窄 | 📉 收窄 -0.8pp | 金叉 ▲ | 中期空头 | +4.98% | 1.01x |

## 二、均线与关键价位

| 标的 | MA5 | MA20 | MA60 | 偏离20 | 偏离60 | 20日高 | 20日低 | 关键支撑 |
|------|:---:|:----:|:----:|:-----:|:-----:|:-----:|:-----:|------|
| 中证500ETF | 9.012 | 8.669 | 8.515 | +2.1% | +3.9% | 9.305 | 7.983 | 8.79 |
| 黄金基金 | 8.796 | 9.129 | 9.84 | -2.7% | -9.8% | 9.771 | 8.622 | 9.09 |
| 科大讯飞 | 40.306 | 42.144 | 46.336 | -2.5% | -11.3% | 46.98 | 39.07 | 43.0 |
| 天山铝业 | 10.944 | 12.428 | 15.34 | -12.1% | -28.8% | 15.38 | 10.52 | 12.05 |
| 紫金矿业 | 25.488 | 27.792 | 31.108 | -5.4% | -15.5% | 30.97 | 24.42 | 29.21 |
| 有色ETF | 1.857 | 1.94 | 2.039 | -3.1% | -7.8% | 2.162 | 1.792 | 2.06 |
| 卫星ETF | 1.368 | 1.354 | 1.443 | -0.3% | -6.4% | 1.425 | 1.286 | 1.35 |

## 三、综合操作建议


### 📋 常规操作

- **🟢 持有** — 中证500ETF：价格健康，均线多头排列，无操作
- **🟢 观察** — 黄金基金：无明显信号，按兵不动
- **🟢 观察** — 科大讯飞：无明显信号，按兵不动
- **🟢 观察** — 天山铝业：无明显信号，按兵不动
- **🟢 观察** — 紫金矿业：无明显信号，按兵不动
- **🟢 观察** — 有色ETF：无明显信号，按兵不动
- **🟢 持有** — 卫星ETF：价格健康，均线多头排列，无操作

---

### 📖 指标说明

| 指标 | 含义 |
|------|------|
| **偏离度** | (现价 − MA5) ÷ MA5 × 100%，正=价格高于均线，负=低于均线 |
| **连续偏向** | 收盘价连续在 MA5 上方(正)或下方(负)的交易日数 |
| **偏离趋势** | 最近 3 个交易日偏离度的变化方向：扩大=加速，收窄=减速 |
| **金叉/死叉** | MA5 上穿/下穿 MA20，金叉=短期走强，死叉=短期走弱 |
| **中期背景** | MA20 vs MA60 的位置关系，决定大方向是多是空 |
| **距20低/高** | 当前价距 20 日最低/最高点的百分比，衡量短期位置 |
| **量能** | 5日均量 ÷ 20日均量：>1.5 放量，<0.6 缩量 |

> 📎 详细纪律：见 [`docs/ma5-deviation-discipline.md`](../docs/ma5-deviation-discipline.md)
# 持仓标的均线偏离度 · 全景诊断

> 三维指标：**偏离方向**（价格 vs MA5）· **持续时间**（连续偏向天数 + 趋势）· **价格位置**（MA20/MA60/高低点/量能）

## 一、三维指标全景

| 标的 | 现价 | 偏离度 | 方向信号 | 连续偏向 | 偏离趋势 | MA5/MA20 | 中期背景 | 距20低 | 量能 |
|------|:----:|:------:|------|------|------|------|------|:--:|:--:|
  📡 中证500ETF ... ✅ 8.9  dev5=-1.3%
| 中证500ETF | 8.9 | -1.32% | 🟢 贴合·均衡 | 🟡 连跌 2 日但偏离收窄 | 📉 收窄 -0.5pp | 金叉 ▲ | 中期多头 | +11.49% | 0.86x |
  📡 黄金基金 ... ✅ 9.09  dev5=+2.6%
| 黄金基金 | 9.09 | +2.64% | 🟡 正偏·偏热 | 🟡 连涨 2 日 + 偏离扩大 | 📈 扩大 +0.5pp | 死叉 ▼ | 中期空头 | +5.43% | 0.78x |
  📡 科大讯飞 ... ✅ 41.51  dev5=+1.8%
| 科大讯飞 | 41.51 | +1.78% | 🟢 贴合·均衡 | 🟡 连涨 4 日 + 偏离扩大 | 📈 扩大 +1.2pp | 死叉 ▼ | 中期空头 | +6.25% | 0.95x |
  📡 天山铝业 ... ✅ 11.37  dev5=+3.3%
| 天山铝业 | 11.37 | +3.34% | 🟡 正偏·偏热 | 🟡 连涨 1 日 + 偏离扩大 | 📈 扩大 +1.7pp | 死叉 ▼ | 中期空头 | +8.08% | 0.96x |
  📡 紫金矿业 ... ✅ 27.82  dev5=+6.9%
| 紫金矿业 | 27.82 | +6.87% | 🔴 正偏·高危 | 🟡 连涨 2 日 + 偏离扩大 | 📈 扩大 +3.3pp | 死叉 ▼ | 中期空头 | +13.92% | 1.06x |
  📡 有色ETF ... ✅ 1.89  dev5=+1.2%
| 有色ETF | 1.89 | +1.22% | 🟢 贴合·均衡 | 🟢 连涨 2 日 | → 持平 | 死叉 ▼ | 中期空头 | +5.47% | 0.8x |
  📡 卫星ETF ... ✅ 1.399  dev5=+1.5%
| 卫星ETF | 1.399 | +1.49% | 🟢 贴合·均衡 | 🟢 连涨 1 日但偏离收窄 | 📉 收窄 -0.4pp | 金叉 ▲ | 中期空头 | +8.79% | 1.01x |

## 二、均线与关键价位

| 标的 | MA5 | MA20 | MA60 | 偏离20 | 偏离60 | 20日高 | 20日低 | 关键支撑 |
|------|:---:|:----:|:----:|:-----:|:-----:|:-----:|:-----:|------|
| 中证500ETF | 9.019 | 8.692 | 8.537 | +2.4% | +4.3% | 9.305 | 7.983 | 8.79 |
| 黄金基金 | 8.856 | 9.096 | 9.82 | -0.1% | -7.4% | 9.737 | 8.622 | 9.09 |
| 科大讯飞 | 40.784 | 41.927 | 46.266 | -1.0% | -10.3% | 46.43 | 39.07 | 43.0 |
| 天山铝业 | 11.002 | 12.279 | 15.245 | -7.4% | -25.4% | 14.41 | 10.52 | 12.05 |
| 紫金矿业 | 26.032 | 27.685 | 31.03 | +0.5% | -10.3% | 30.97 | 24.42 | 29.21 |
| 有色ETF | 1.867 | 1.936 | 2.037 | -2.4% | -7.2% | 2.162 | 1.792 | 2.06 |
| 卫星ETF | 1.378 | 1.356 | 1.444 | +3.2% | -3.1% | 1.425 | 1.286 | 1.35 |

## 三、综合操作建议


### 📋 常规操作

- **🟢 持有** — 中证500ETF：价格健康，均线多头排列，无操作
- **🟢 观察** — 黄金基金：无明显信号，按兵不动
- **🟢 观察** — 科大讯飞：无明显信号，按兵不动
- **🟢 观察** — 天山铝业：无明显信号，按兵不动
- **🟢 观察** — 紫金矿业：无明显信号，按兵不动
- **🟢 观察** — 有色ETF：无明显信号，按兵不动
- **🟢 持有** — 卫星ETF：价格健康，均线多头排列，无操作

---

### 📖 指标说明

| 指标 | 含义 |
|------|------|
| **偏离度** | (现价 − MA5) ÷ MA5 × 100%，正=价格高于均线，负=低于均线 |
| **连续偏向** | 收盘价连续在 MA5 上方(正)或下方(负)的交易日数 |
| **偏离趋势** | 最近 3 个交易日偏离度的变化方向：扩大=加速，收窄=减速 |
| **金叉/死叉** | MA5 上穿/下穿 MA20，金叉=短期走强，死叉=短期走弱 |
| **中期背景** | MA20 vs MA60 的位置关系，决定大方向是多是空 |
| **距20低/高** | 当前价距 20 日最低/最高点的百分比，衡量短期位置 |
| **量能** | 5日均量 ÷ 20日均量：>1.5 放量，<0.6 缩量 |

> 📎 详细纪律：见 [`docs/ma5-deviation-discipline.md`](../docs/ma5-deviation-discipline.md)
# 持仓标的均线偏离度 · 全景诊断

> 三维指标：**偏离方向**（价格 vs MA5）· **持续时间**（连续偏向天数 + 趋势）· **价格位置**（MA20/MA60/高低点/量能）

## 一、三维指标全景

| 标的 | 现价 | 偏离度 | 方向信号 | 连续偏向 | 偏离趋势 | MA5/MA20 | 中期背景 | 距20低 | 量能 |
|------|:----:|:------:|------|------|------|------|------|:--:|:--:|
  📡 中证500ETF ... ✅ 8.81  dev5=-2.0%
| 中证500ETF | 8.81 | -1.97% | 🟢 贴合·均衡 | 🔴 连跌 3 日 + 偏离扩大 | 📈 扩大 +0.4pp | 金叉 ▲ | 中期多头 | +10.36% | 0.92x |
  📡 黄金基金 ... ✅ 9.05  dev5=+1.8%
| 黄金基金 | 9.05 | +1.75% | 🟢 贴合·均衡 | 🟡 连涨 2 日 + 偏离扩大 | 📈 扩大 +1.6pp | 死叉 ▼ | 中期空头 | +4.96% | 0.86x |
  📡 科大讯飞 ... ✅ 40.65  dev5=-0.9%
| 科大讯飞 | 40.65 | -0.91% | 🟢 贴合·均衡 | 🔴 连跌 1 日 + 偏离扩大 | 📈 扩大 +0.8pp | 死叉 ▼ | 中期空头 | +4.04% | 0.96x |
  📡 天山铝业 ... ✅ 11.61  dev5=+4.7%
| 天山铝业 | 11.61 | +4.67% | 🟡 正偏·偏热 | 🟡 连涨 2 日 + 偏离扩大 | 📈 扩大 +3.2pp | 死叉 ▼ | 中期空头 | +10.36% | 1.09x |
  📡 紫金矿业 ... ✅ 28.28  dev5=+6.6%
| 紫金矿业 | 28.28 | +6.60% | 🔴 正偏·高危 | 🟡 连涨 2 日 + 偏离扩大 | 📈 扩大 +5.7pp | 死叉 ▼ | 中期空头 | +15.81% | 1.07x |
  📡 有色ETF ... ✅ 1.87  dev5=+0.1%
| 有色ETF | 1.87 | +0.06% | 🟢 贴合·均衡 | 🟢 连涨 3 日但偏离收窄 | 📉 收窄 -0.5pp | 死叉 ▼ | 中期空头 | +4.35% | 0.8x |
  📡 卫星ETF ... ✅ 1.351  dev5=-2.1%
| 卫星ETF | 1.351 | -2.13% | 🟡 负偏·偏冷 | 🟡 连跌 1 日 | → 持平 | 金叉 ▲ | 中期空头 | +5.05% | 1.12x |

## 二、均线与关键价位

| 标的 | MA5 | MA20 | MA60 | 偏离20 | 偏离60 | 20日高 | 20日低 | 关键支撑 |
|------|:---:|:----:|:----:|:-----:|:-----:|:-----:|:-----:|------|
| 中证500ETF | 8.987 | 8.716 | 8.556 | +1.1% | +3.0% | 9.305 | 7.983 | 8.79 |
| 黄金基金 | 8.895 | 9.064 | 9.799 | -0.2% | -7.6% | 9.484 | 8.622 | 9.09 |
| 科大讯飞 | 41.022 | 41.658 | 46.184 | -2.4% | -12.0% | 45.39 | 39.07 | 43.0 |
| 天山铝业 | 11.092 | 12.169 | 15.138 | -4.6% | -23.3% | 14.13 | 10.52 | 12.05 |
| 紫金矿业 | 26.53 | 27.636 | 30.967 | +2.3% | -8.7% | 30.97 | 24.42 | 29.21 |
| 有色ETF | 1.869 | 1.934 | 2.035 | -3.3% | -8.1% | 2.162 | 1.792 | 2.06 |
| 卫星ETF | 1.38 | 1.354 | 1.444 | -0.2% | -6.4% | 1.425 | 1.286 | 1.35 |

## 三、综合操作建议


### 📋 常规操作

- **🟢 持有** — 中证500ETF：价格健康，均线多头排列，无操作
- **🟢 观察** — 黄金基金：无明显信号，按兵不动
- **🟢 观察** — 科大讯飞：无明显信号，按兵不动
- **🟢 观察** — 天山铝业：无明显信号，按兵不动
- **🟢 观察** — 紫金矿业：无明显信号，按兵不动
- **🟢 观察** — 有色ETF：无明显信号，按兵不动
- **🟢 观察** — 卫星ETF：无明显信号，按兵不动

---

### 📖 指标说明

| 指标 | 含义 |
|------|------|
| **偏离度** | (现价 − MA5) ÷ MA5 × 100%，正=价格高于均线，负=低于均线 |
| **连续偏向** | 收盘价连续在 MA5 上方(正)或下方(负)的交易日数 |
| **偏离趋势** | 最近 3 个交易日偏离度的变化方向：扩大=加速，收窄=减速 |
| **金叉/死叉** | MA5 上穿/下穿 MA20，金叉=短期走强，死叉=短期走弱 |
| **中期背景** | MA20 vs MA60 的位置关系，决定大方向是多是空 |
| **距20低/高** | 当前价距 20 日最低/最高点的百分比，衡量短期位置 |
| **量能** | 5日均量 ÷ 20日均量：>1.5 放量，<0.6 缩量 |

> 📎 详细纪律：见 [`docs/ma5-deviation-discipline.md`](../docs/ma5-deviation-discipline.md)
# 持仓标的均线偏离度 · 全景诊断

> 三维指标：**偏离方向**（价格 vs MA5）· **持续时间**（连续偏向天数 + 趋势）· **价格位置**（MA20/MA60/高低点/量能）

## 一、三维指标全景

| 标的 | 现价 | 偏离度 | 方向信号 | 连续偏向 | 偏离趋势 | MA5/MA20 | 中期背景 | 距20低 | 量能 |
|------|:----:|:------:|------|------|------|------|------|:--:|:--:|
  📡 中证500ETF ... ✅ 8.66  dev5=-2.5%
| 中证500ETF | 8.66 | -2.48% | 🟡 负偏·偏冷 | 🔴 连跌 2 日 + 偏离扩大 | 📈 扩大 +2.2pp | 金叉 ▲ | 中期多头 | +7.47% | 0.99x |
  📡 黄金基金 ... ✅ 9.01  dev5=+0.8%
| 黄金基金 | 9.01 | +0.78% | 🟢 贴合·均衡 | 🟢 连涨 3 日但偏离收窄 | 📉 收窄 -0.9pp | 死叉 ▼ | 中期空头 | +4.5% | 0.9x |
  📡 科大讯飞 ... ✅ 39.95  dev5=-2.2%
| 科大讯飞 | 39.95 | -2.19% | 🟡 负偏·偏冷 | 🔴 连跌 2 日 + 偏离扩大 | 📈 扩大 +0.6pp | 死叉 ▼ | 中期空头 | +2.25% | 0.88x |
  📡 天山铝业 ... ✅ 11.36  dev5=+1.3%
| 天山铝业 | 11.36 | +1.27% | 🟢 贴合·均衡 | 🟢 连涨 3 日 | → 持平 | 死叉 ▼ | 中期空头 | +7.98% | 1.09x |
  📡 紫金矿业 ... ✅ 27.62  dev5=+2.2%
| 紫金矿业 | 27.62 | +2.20% | 🟡 正偏·偏热 | 🟢 连涨 3 日但偏离收窄 | 📉 收窄 -0.7pp | 死叉 ▼ | 中期空头 | +13.1% | 1.05x |
  📡 有色ETF ... ✅ 1.8  dev5=-3.1%
| 有色ETF | 1.8 | -3.07% | 🟡 负偏·偏冷 | 🔴 连跌 1 日 + 偏离扩大 | 📈 扩大 +1.2pp | 死叉 ▼ | 中期空头 | +0.45% | 0.82x |
  📡 卫星ETF ... ✅ 1.309  dev5=-3.9%
| 卫星ETF | 1.309 | -3.93% | 🟡 负偏·偏冷 | 🔴 连跌 2 日 + 偏离扩大 | 📈 扩大 +1.3pp | 金叉 ▲ | 中期空头 | +1.79% | 1.08x |

## 二、均线与关键价位

| 标的 | MA5 | MA20 | MA60 | 偏离20 | 偏离60 | 20日高 | 20日低 | 关键支撑 |
|------|:---:|:----:|:----:|:-----:|:-----:|:-----:|:-----:|------|
| 中证500ETF | 8.88 | 8.745 | 8.567 | -1.0% | +1.1% | 9.305 | 8.058 | 8.79 |
| 黄金基金 | 8.94 | 9.045 | 9.772 | -0.4% | -7.8% | 9.484 | 8.622 | 9.09 |
| 科大讯飞 | 40.844 | 41.45 | 46.051 | -3.6% | -13.2% | 44.9 | 39.07 | 43.0 |
| 天山铝业 | 11.218 | 12.079 | 15.019 | -6.0% | -24.4% | 14.13 | 10.52 | 12.05 |
| 紫金矿业 | 27.026 | 27.634 | 30.857 | -0.1% | -10.5% | 30.97 | 24.42 | 29.21 |
| 有色ETF | 1.857 | 1.932 | 2.03 | -6.9% | -11.3% | 2.162 | 1.792 | 2.06 |
| 卫星ETF | 1.363 | 1.352 | 1.442 | -3.2% | -9.2% | 1.425 | 1.286 | 1.35 |

## 三、综合操作建议


### 📋 常规操作

- **🟢 观察** — 中证500ETF：无明显信号，按兵不动
- **🟢 观察** — 黄金基金：无明显信号，按兵不动
- **🟢 观察** — 科大讯飞：无明显信号，按兵不动
- **🟢 观察** — 天山铝业：无明显信号，按兵不动
- **🟢 观察** — 紫金矿业：无明显信号，按兵不动
- **🟢 观察** — 有色ETF：无明显信号，按兵不动
- **🟢 观察** — 卫星ETF：无明显信号，按兵不动

---

### 📖 指标说明

| 指标 | 含义 |
|------|------|
| **偏离度** | (现价 − MA5) ÷ MA5 × 100%，正=价格高于均线，负=低于均线 |
| **连续偏向** | 收盘价连续在 MA5 上方(正)或下方(负)的交易日数 |
| **偏离趋势** | 最近 3 个交易日偏离度的变化方向：扩大=加速，收窄=减速 |
| **金叉/死叉** | MA5 上穿/下穿 MA20，金叉=短期走强，死叉=短期走弱 |
| **中期背景** | MA20 vs MA60 的位置关系，决定大方向是多是空 |
| **距20低/高** | 当前价距 20 日最低/最高点的百分比，衡量短期位置 |
| **量能** | 5日均量 ÷ 20日均量：>1.5 放量，<0.6 缩量 |

> 📎 详细纪律：见 [`docs/ma5-deviation-discipline.md`](../docs/ma5-deviation-discipline.md)
# 持仓标的均线偏离度 · 全景诊断

> 三维指标：**偏离方向**（价格 vs MA5）· **持续时间**（连续偏向天数 + 趋势）· **价格位置**（MA20/MA60/高低点/量能）

## 一、三维指标全景

| 标的 | 现价 | 偏离度 | 方向信号 | 连续偏向 | 偏离趋势 | MA5/MA20 | 中期背景 | 距20低 | 量能 |
|------|:----:|:------:|------|------|------|------|------|:--:|:--:|
  📡 中证500ETF ... ✅ 8.55  dev5=-2.3%
| 中证500ETF | 8.55 | -2.32% | 🟡 负偏·偏冷 | 🔴 连跌 2 日 + 偏离扩大 | 📈 扩大 +1.7pp | 死叉 ▼ | 中期多头 | +5.97% | 1.15x |
  📡 黄金基金 ... ✅ 9.01  dev5=+0.0%
| 黄金基金 | 9.01 | +0.01% | 🟢 贴合·均衡 | 🟢 连涨 4 日但偏离收窄 | 📉 收窄 -0.4pp | 死叉 ▼ | 中期空头 | +4.5% | 0.98x |
  📡 科大讯飞 ... ✅ 40.94  dev5=+0.3%
| 科大讯飞 | 40.94 | +0.28% | 🟢 贴合·均衡 | 🟢 连涨 1 日 | → 持平 | 死叉 ▼ | 中期空头 | +4.79% | 0.87x |
  📡 天山铝业 ... ✅ 11.07  dev5=-1.8%
| 天山铝业 | 11.07 | -1.76% | 🟢 贴合·均衡 | 🟡 连跌 1 日但偏离收窄 | 📉 收窄 -1.3pp | 死叉 ▼ | 中期空头 | +5.23% | 1.08x |
  📡 紫金矿业 ... ✅ 27.36  dev5=-0.4%
| 紫金矿业 | 27.36 | -0.42% | 🟢 贴合·均衡 | 🟡 连跌 1 日但偏离收窄 | 📉 收窄 -2.5pp | 死叉 ▼ | 中期空头 | +12.04% | 0.98x |
  📡 有色ETF ... ✅ 1.75  dev5=-4.8%
| 有色ETF | 1.75 | -4.79% | 🟡 负偏·偏冷 | 🔴 连跌 2 日 + 偏离扩大 | 📈 扩大 +3.3pp | 死叉 ▼ | 中期空头 | +0.0% | 0.83x |
  📡 卫星ETF ... ✅ 1.282  dev5=-4.2%
| 卫星ETF | 1.282 | -4.20% | 🟡 负偏·偏冷 | 🔴 连跌 2 日 + 偏离扩大 | 📈 扩大 +3.2pp | 死叉 ▼ | 中期空头 | +0.16% | 1.08x |

## 二、均线与关键价位

| 标的 | MA5 | MA20 | MA60 | 偏离20 | 偏离60 | 20日高 | 20日低 | 关键支撑 |
|------|:---:|:----:|:----:|:-----:|:-----:|:-----:|:-----:|------|
| 中证500ETF | 8.753 | 8.759 | 8.577 | -2.4% | -0.3% | 9.305 | 8.068 | 8.79 |
| 黄金基金 | 9.009 | 9.024 | 9.749 | -0.1% | -7.6% | 9.422 | 8.622 | 9.09 |
| 科大讯飞 | 40.826 | 41.271 | 45.947 | -0.8% | -10.9% | 44.58 | 39.07 | 43.0 |
| 天山铝业 | 11.268 | 11.97 | 14.894 | -7.5% | -25.7% | 14.13 | 10.52 | 12.05 |
| 紫金矿业 | 27.476 | 27.597 | 30.754 | -0.9% | -11.0% | 30.97 | 24.42 | 29.21 |
| 有色ETF | 1.838 | 1.927 | 2.024 | -9.2% | -13.6% | 2.162 | 1.75 | 2.06 |
| 卫星ETF | 1.338 | 1.347 | 1.44 | -4.8% | -11.0% | 1.425 | 1.28 | 1.35 |

## 三、综合操作建议


### 📋 常规操作

- **🟢 观察** — 中证500ETF：无明显信号，按兵不动
- **🟢 观察** — 黄金基金：无明显信号，按兵不动
- **🟢 观察** — 科大讯飞：无明显信号，按兵不动
- **🟢 观察** — 天山铝业：无明显信号，按兵不动
- **🟢 观察** — 紫金矿业：无明显信号，按兵不动
- **🟢 观察** — 有色ETF：无明显信号，按兵不动
- **🟢 观察** — 卫星ETF：无明显信号，按兵不动

---

### 📖 指标说明

| 指标 | 含义 |
|------|------|
| **偏离度** | (现价 − MA5) ÷ MA5 × 100%，正=价格高于均线，负=低于均线 |
| **连续偏向** | 收盘价连续在 MA5 上方(正)或下方(负)的交易日数 |
| **偏离趋势** | 最近 3 个交易日偏离度的变化方向：扩大=加速，收窄=减速 |
| **金叉/死叉** | MA5 上穿/下穿 MA20，金叉=短期走强，死叉=短期走弱 |
| **中期背景** | MA20 vs MA60 的位置关系，决定大方向是多是空 |
| **距20低/高** | 当前价距 20 日最低/最高点的百分比，衡量短期位置 |
| **量能** | 5日均量 ÷ 20日均量：>1.5 放量，<0.6 缩量 |

> 📎 详细纪律：见 [`docs/ma5-deviation-discipline.md`](../docs/ma5-deviation-discipline.md)
# 持仓标的均线偏离度 · 全景诊断

> 三维指标：**偏离方向**（价格 vs MA5）· **持续时间**（连续偏向天数 + 趋势）· **价格位置**（MA20/MA60/高低点/量能）

## 一、三维指标全景

| 标的 | 现价 | 偏离度 | 方向信号 | 连续偏向 | 偏离趋势 | MA5/MA20 | 中期背景 | 距20低 | 量能 |
|------|:----:|:------:|------|------|------|------|------|:--:|:--:|
  📡 中证500ETF ... ✅ 8.8  dev5=+0.6%
| 中证500ETF | 8.8 | +0.64% | 🟢 贴合·均衡 | 🟢 连涨 1 日但偏离收窄 | 📉 收窄 -0.3pp | 死叉 ▼ | 中期多头 | +9.07% | 1.2x |
  📡 黄金基金 ... ✅ 8.97  dev5=-0.6%
| 黄金基金 | 8.97 | -0.62% | 🟢 贴合·均衡 | 🔴 连跌 3 日 + 偏离扩大 | 📈 扩大 +0.5pp | 金叉 ▲ | 中期空头 | +4.04% | 1.03x |
  📡 科大讯飞 ... ✅ 42.37  dev5=+3.1%
| 科大讯飞 | 42.37 | +3.13% | 🟡 正偏·偏热 | 🟡 连涨 1 日 + 偏离扩大 | 📈 扩大 +0.4pp | 死叉 ▼ | 中期空头 | +8.45% | 0.9x |
  📡 天山铝业 ... ✅ 10.67  dev5=-4.9%
| 天山铝业 | 10.67 | -4.87% | 🟡 负偏·偏冷 | 🔴 连跌 2 日 + 偏离扩大 | 📈 扩大 +3.6pp | 死叉 ▼ | 中期空头 | +3.59% | 1.12x |
  📡 紫金矿业 ... ✅ 27.62  dev5=-0.4%
| 紫金矿业 | 27.62 | -0.43% | 🟢 贴合·均衡 | 🟡 连跌 3 日 | → 持平 | 金叉 ▲ | 中期空头 | +13.1% | 0.85x |
  📡 有色ETF ... ✅ 1.75  dev5=-3.4%
| 有色ETF | 1.75 | -3.42% | 🟡 负偏·偏冷 | 🔴 连跌 3 日 + 偏离扩大 | 📈 扩大 +2.9pp | 死叉 ▼ | 中期空头 | +4.79% | 0.82x |
  📡 卫星ETF ... ✅ 1.34  dev5=+0.3%
| 卫星ETF | 1.34 | +0.28% | 🟢 贴合·均衡 | 🟢 连涨 1 日但偏离收窄 | 📉 收窄 -1.8pp | 死叉 ▼ | 中期空头 | +5.93% | 1.08x |

## 二、均线与关键价位

| 标的 | MA5 | MA20 | MA60 | 偏离20 | 偏离60 | 20日高 | 20日低 | 关键支撑 |
|------|:---:|:----:|:----:|:-----:|:-----:|:-----:|:-----:|------|
| 中证500ETF | 8.744 | 8.791 | 8.589 | +0.1% | +2.5% | 9.305 | 8.068 | 8.79 |
| 黄金基金 | 9.026 | 9.014 | 9.724 | -0.5% | -7.8% | 9.422 | 8.622 | 9.09 |
| 科大讯飞 | 41.084 | 41.275 | 45.859 | +2.6% | -7.6% | 44.58 | 39.07 | 43.0 |
| 天山铝业 | 11.216 | 11.834 | 14.77 | -9.8% | -27.8% | 14.13 | 10.3 | 12.05 |
| 紫金矿业 | 27.74 | 27.612 | 30.658 | +0.0% | -9.9% | 30.97 | 24.42 | 29.21 |
| 有色ETF | 1.812 | 1.922 | 2.018 | -8.9% | -13.3% | 2.162 | 1.67 | 2.06 |
| 卫星ETF | 1.336 | 1.348 | 1.439 | -0.6% | -6.9% | 1.425 | 1.265 | 1.35 |

## 三、综合操作建议


### 📋 常规操作

- **🟢 观察** — 中证500ETF：无明显信号，按兵不动
- **🟢 持有** — 黄金基金：价格健康，均线多头排列，无操作
- **🟢 观察** — 科大讯飞：无明显信号，按兵不动
- **🟢 观察** — 天山铝业：无明显信号，按兵不动
- **🟢 持有** — 紫金矿业：价格健康，均线多头排列，无操作
- **🟢 观察** — 有色ETF：无明显信号，按兵不动
- **🟢 观察** — 卫星ETF：无明显信号，按兵不动

---

### 📖 指标说明

| 指标 | 含义 |
|------|------|
| **偏离度** | (现价 − MA5) ÷ MA5 × 100%，正=价格高于均线，负=低于均线 |
| **连续偏向** | 收盘价连续在 MA5 上方(正)或下方(负)的交易日数 |
| **偏离趋势** | 最近 3 个交易日偏离度的变化方向：扩大=加速，收窄=减速 |
| **金叉/死叉** | MA5 上穿/下穿 MA20，金叉=短期走强，死叉=短期走弱 |
| **中期背景** | MA20 vs MA60 的位置关系，决定大方向是多是空 |
| **距20低/高** | 当前价距 20 日最低/最高点的百分比，衡量短期位置 |
| **量能** | 5日均量 ÷ 20日均量：>1.5 放量，<0.6 缩量 |

> 📎 详细纪律：见 [`docs/ma5-deviation-discipline.md`](../docs/ma5-deviation-discipline.md)
# 持仓标的均线偏离度 · 全景诊断

> 三维指标：**偏离方向**（价格 vs MA5）· **持续时间**（连续偏向天数 + 趋势）· **价格位置**（MA20/MA60/高低点/量能）

## 一、三维指标全景

| 标的 | 现价 | 偏离度 | 方向信号 | 连续偏向 | 偏离趋势 | MA5/MA20 | 中期背景 | 距20低 | 量能 |
|------|:----:|:------:|------|------|------|------|------|:--:|:--:|
  📡 中证500ETF ... ✅ 8.7  dev5=-0.1%
| 中证500ETF | 8.7 | -0.05% | 🟢 贴合·均衡 | 🟡 连跌 1 日但偏离收窄 | 📉 收窄 -1.7pp | 死叉 ▼ | 中期多头 | +5.96% | 1.24x |
  📡 黄金基金 ... ✅ 8.96  dev5=-0.4%
| 黄金基金 | 8.96 | -0.44% | 🟢 贴合·均衡 | 🔴 连跌 2 日 + 偏离扩大 | 📈 扩大 +0.3pp | 死叉 ▼ | 中期空头 | +3.92% | 1.04x |
  📡 科大讯飞 ... ✅ 43.19  dev5=+4.3%
| 科大讯飞 | 43.19 | +4.27% | 🟡 正偏·偏热 | 🟡 连涨 2 日 + 偏离扩大 | 📈 扩大 +3.1pp | 金叉 ▲ | 中期空头 | +10.55% | 0.98x |
  📡 天山铝业 ... ✅ 11.17  dev5=-0.1%
| 天山铝业 | 11.17 | -0.05% | 🟢 贴合·均衡 | 🟡 连跌 3 日但偏离收窄 | 📉 收窄 -0.9pp | 死叉 ▼ | 中期空头 | +8.45% | 1.12x |
  📡 紫金矿业 ... ✅ 27.72  dev5=-0.0%
| 紫金矿业 | 27.72 | -0.00% | 🟢 贴合·均衡 | 🟡 连跌 4 日但偏离收窄 | 📉 收窄 -1.3pp | 金叉 ▲ | 中期空头 | +13.51% | 0.71x |
  📡 有色ETF ... ✅ 1.76  dev5=-1.4%
| 有色ETF | 1.76 | -1.38% | 🟢 贴合·均衡 | 🟡 连跌 3 日但偏离收窄 | 📉 收窄 -0.6pp | 死叉 ▼ | 中期空头 | +5.71% | 0.76x |
  📡 卫星ETF ... ✅ 1.45  dev5=+7.7%
| 卫星ETF | 1.45 | +7.69% | 🔴 正偏·高危 | 🟡 连涨 1 日 + 偏离扩大 | 📈 扩大 +2.9pp | 死叉 ▼ | 中期空头 | +14.62% | 1.48x |

## 二、均线与关键价位

| 标的 | MA5 | MA20 | MA60 | 偏离20 | 偏离60 | 20日高 | 20日低 | 关键支撑 |
|------|:---:|:----:|:----:|:-----:|:-----:|:-----:|:-----:|------|
| 中证500ETF | 8.704 | 8.819 | 8.601 | -1.4% | +1.2% | 9.305 | 8.211 | 8.79 |
| 黄金基金 | 9.0 | 9.016 | 9.7 | -0.6% | -7.6% | 9.422 | 8.622 | 9.09 |
| 科大讯飞 | 41.42 | 41.395 | 45.782 | +4.3% | -5.7% | 44.58 | 39.07 | 43.0 |
| 天山铝业 | 11.176 | 11.722 | 14.66 | -4.7% | -23.8% | 14.13 | 10.3 | 12.05 |
| 紫金矿业 | 27.72 | 27.651 | 30.566 | +0.2% | -9.3% | 30.97 | 24.42 | 29.21 |
| 有色ETF | 1.785 | 1.916 | 2.013 | -8.1% | -12.6% | 2.162 | 1.665 | 2.06 |
| 卫星ETF | 1.346 | 1.354 | 1.439 | +7.1% | +0.7% | 1.474 | 1.265 | 1.35 |

## 三、综合操作建议


### 📋 常规操作

- **🟢 观察** — 中证500ETF：无明显信号，按兵不动
- **🟢 观察** — 黄金基金：无明显信号，按兵不动
- **🟢 观察** — 科大讯飞：无明显信号，按兵不动
- **🟢 观察** — 天山铝业：无明显信号，按兵不动
- **🟢 持有** — 紫金矿业：价格健康，均线多头排列，无操作
- **🟢 观察** — 有色ETF：无明显信号，按兵不动
- **🟡 减仓 1/3** — 卫星ETF：接近近期高点 + 偏离偏大，减 1/3 降风险

---

### 📖 指标说明

| 指标 | 含义 |
|------|------|
| **偏离度** | (现价 − MA5) ÷ MA5 × 100%，正=价格高于均线，负=低于均线 |
| **连续偏向** | 收盘价连续在 MA5 上方(正)或下方(负)的交易日数 |
| **偏离趋势** | 最近 3 个交易日偏离度的变化方向：扩大=加速，收窄=减速 |
| **金叉/死叉** | MA5 上穿/下穿 MA20，金叉=短期走强，死叉=短期走弱 |
| **中期背景** | MA20 vs MA60 的位置关系，决定大方向是多是空 |
| **距20低/高** | 当前价距 20 日最低/最高点的百分比，衡量短期位置 |
| **量能** | 5日均量 ÷ 20日均量：>1.5 放量，<0.6 缩量 |

> 📎 详细纪律：见 [`docs/ma5-deviation-discipline.md`](../docs/ma5-deviation-discipline.md)
# 持仓标的均线偏离度 · 全景诊断

> 三维指标：**偏离方向**（价格 vs MA5）· **持续时间**（连续偏向天数 + 趋势）· **价格位置**（MA20/MA60/高低点/量能）

## 一、三维指标全景

| 标的 | 现价 | 偏离度 | 方向信号 | 连续偏向 | 偏离趋势 | MA5/MA20 | 中期背景 | 距20低 | 量能 |
|------|:----:|:------:|------|------|------|------|------|:--:|:--:|
  📡 中证500ETF ... ✅ 8.29  dev5=-3.6%
| 中证500ETF | 8.29 | -3.60% | 🟡 负偏·偏冷 | 🔴 连跌 1 日 + 偏离扩大 | 📈 扩大 +1.2pp | 死叉 ▼ | 中期多头 | +0.24% | 1.43x |
  📡 黄金基金 ... ✅ 8.82  dev5=-1.5%
| 黄金基金 | 8.82 | -1.49% | 🟢 贴合·均衡 | 🔴 连跌 1 日 + 偏离扩大 | 📈 扩大 +1.3pp | 死叉 ▼ | 中期空头 | +2.3% | 1.09x |
  📡 科大讯飞 ... ✅ 41.9  dev5=+0.8%
| 科大讯飞 | 41.9 | +0.75% | 🟢 贴合·均衡 | 🟢 连涨 3 日但偏离收窄 | 📉 收窄 -0.9pp | 金叉 ▲ | 中期空头 | +7.52% | 1.06x |
  📡 天山铝业 ... ✅ 11.14  dev5=+0.5%
| 天山铝业 | 11.14 | +0.52% | 🟢 贴合·均衡 | 🟢 连涨 2 日但偏离收窄 | 📉 收窄 -3.2pp | 死叉 ▼ | 中期空头 | +8.16% | 1.02x |
  📡 紫金矿业 ... ✅ 27.36  dev5=-0.6%
| 紫金矿业 | 27.36 | -0.64% | 🟢 贴合·均衡 | 🔴 连跌 1 日 + 偏离扩大 | 📈 扩大 +0.3pp | 死叉 ▼ | 中期空头 | +12.04% | 0.65x |
  📡 有色ETF ... ✅ 1.68  dev5=-3.8%
| 有色ETF | 1.68 | -3.82% | 🟡 负偏·偏冷 | 🔴 连跌 1 日 + 偏离扩大 | 📈 扩大 +3.7pp | 死叉 ▼ | 中期空头 | +0.9% | 0.72x |
  📡 卫星ETF ... ✅ 1.305  dev5=-2.4%
| 卫星ETF | 1.305 | -2.41% | 🟡 负偏·偏冷 | 🔴 连跌 1 日 + 偏离扩大 | 📈 扩大 +2.2pp | 死叉 ▼ | 中期空头 | +3.16% | 1.79x |

## 二、均线与关键价位

| 标的 | MA5 | MA20 | MA60 | 偏离20 | 偏离60 | 20日高 | 20日低 | 关键支撑 |
|------|:---:|:----:|:----:|:-----:|:-----:|:-----:|:-----:|------|
| 中证500ETF | 8.6 | 8.821 | 8.603 | -6.0% | -3.6% | 9.305 | 8.27 | 8.79 |
| 黄金基金 | 8.953 | 9.003 | 9.672 | -2.0% | -8.8% | 9.422 | 8.622 | 9.09 |
| 科大讯飞 | 41.59 | 41.376 | 45.577 | +1.3% | -8.1% | 44.48 | 38.97 | 43.0 |
| 天山铝业 | 11.082 | 11.607 | 14.535 | -4.0% | -23.4% | 13.97 | 10.3 | 12.05 |
| 紫金矿业 | 27.536 | 27.583 | 30.448 | -0.8% | -10.1% | 30.97 | 24.42 | 29.21 |
| 有色ETF | 1.747 | 1.901 | 2.005 | -11.6% | -16.2% | 2.162 | 1.665 | 2.06 |
| 卫星ETF | 1.337 | 1.353 | 1.437 | -3.5% | -9.2% | 1.474 | 1.265 | 1.35 |

## 三、综合操作建议


### 📋 常规操作

- **🟢 观察** — 中证500ETF：无明显信号，按兵不动
- **🟢 观察** — 黄金基金：无明显信号，按兵不动
- **🟢 持有** — 科大讯飞：价格健康，均线多头排列，无操作
- **🟢 观察** — 天山铝业：无明显信号，按兵不动
- **🟢 观察** — 紫金矿业：无明显信号，按兵不动
- **🟢 观察** — 有色ETF：无明显信号，按兵不动
- **🟢 观察** — 卫星ETF：无明显信号，按兵不动

---

### 📖 指标说明

| 指标 | 含义 |
|------|------|
| **偏离度** | (现价 − MA5) ÷ MA5 × 100%，正=价格高于均线，负=低于均线 |
| **连续偏向** | 收盘价连续在 MA5 上方(正)或下方(负)的交易日数 |
| **偏离趋势** | 最近 3 个交易日偏离度的变化方向：扩大=加速，收窄=减速 |
| **金叉/死叉** | MA5 上穿/下穿 MA20，金叉=短期走强，死叉=短期走弱 |
| **中期背景** | MA20 vs MA60 的位置关系，决定大方向是多是空 |
| **距20低/高** | 当前价距 20 日最低/最高点的百分比，衡量短期位置 |
| **量能** | 5日均量 ÷ 20日均量：>1.5 放量，<0.6 缩量 |

> 📎 详细纪律：见 [`docs/ma5-deviation-discipline.md`](../docs/ma5-deviation-discipline.md)
